./benchmarks/openssl/use_after_free_4/openssl_uaf_4.c: In function ‘ASN1_STRING_type_new’:
./benchmarks/openssl/use_after_free_4/openssl_uaf_4.c:286:17: warning: implicit declaration of function ‘ASN1err’ [-Wimplicit-function-declaration]
  286 |                 ASN1err(ASN1_F_ASN1_STRING_TYPE_NEW,ERR_R_MALLOC_FAILURE);
      |                 ^~~~~~~
./benchmarks/openssl/use_after_free_4/openssl_uaf_4.c: In function ‘equal_nocase’:
./benchmarks/openssl/use_after_free_4/openssl_uaf_4.c:300:9: warning: implicit declaration of function ‘skip_prefix’ [-Wimplicit-function-declaration]
  300 |         skip_prefix(&pattern, &pattern_len, subject, subject_len, flags);
      |         ^~~~~~~~~~~
./benchmarks/openssl/use_after_free_4/openssl_uaf_4.c: In function ‘ASN1_mbstring_copy’:
./benchmarks/openssl/use_after_free_4/openssl_uaf_4.c:329:16: warning: implicit declaration of function ‘ASN1_mbstring_ncopy’; did you mean ‘ASN1_mbstring_copy’? [-Wimplicit-function-declaration]
  329 |         return ASN1_mbstring_ncopy(out, in, len, inform, mask, 0, 0);
      |                ^~~~~~~~~~~~~~~~~~~
      |                ASN1_mbstring_copy
./benchmarks/openssl/use_after_free_4/openssl_uaf_4.c: In function ‘ASN1_mbstring_ncopy’:
./benchmarks/openssl/use_after_free_4/openssl_uaf_4.c:345:29: warning: implicit declaration of function ‘strlen’ [-Wimplicit-function-declaration]
  345 |         if(len == -1) len = strlen((const char *)in);
      |                             ^~~~~~
./benchmarks/openssl/use_after_free_4/openssl_uaf_4.c:11:1: note: include ‘<string.h>’ or provide a declaration of ‘strlen’
   10 | #include "../openssl.h"
  +++ |+#include <string.h>
   11 | 
./benchmarks/openssl/use_after_free_4/openssl_uaf_4.c:345:29: warning: incompatible implicit declaration of built-in function ‘strlen’ [-Wbuiltin-declaration-mismatch]
  345 |         if(len == -1) len = strlen((const char *)in);
      |                             ^~~~~~
./benchmarks/openssl/use_after_free_4/openssl_uaf_4.c:345:29: note: include ‘<string.h>’ or provide a declaration of ‘strlen’
./benchmarks/openssl/use_after_free_4/openssl_uaf_4.c:385:17: warning: implicit declaration of function ‘BIO_snprintf’; did you mean ‘vsnprintf’? [-Wimplicit-function-declaration]
  385 |                 BIO_snprintf(strbuf, sizeof strbuf, "%ld", minsize);
      |                 ^~~~~~~~~~~~
      |                 vsnprintf
./benchmarks/openssl/use_after_free_4/openssl_uaf_4.c:386:17: warning: implicit declaration of function ‘ERR_add_error_data’ [-Wimplicit-function-declaration]
  386 |                 ERR_add_error_data(2, "minsize=", strbuf);
      |                 ^~~~~~~~~~~~~~~~~~
./benchmarks/openssl/use_after_free_4/openssl_uaf_4.c:435:21: warning: implicit declaration of function ‘ASN1_STRING_set’; did you mean ‘ASN1_STRING_type_new’? [-Wimplicit-function-declaration]
  435 |                 if(!ASN1_STRING_set(dest, in, len)) {
      |                     ^~~~~~~~~~~~~~~
      |                     ASN1_STRING_type_new
./benchmarks/openssl/use_after_free_4/openssl_uaf_4.c:443:30: warning: implicit declaration of function ‘ASN1_STRING_free’; did you mean ‘ASN1_STRING_type_new’? [-Wimplicit-function-declaration]
  443 |                 if(free_out) ASN1_STRING_free(dest);
      |                              ^~~~~~~~~~~~~~~~
      |                              ASN1_STRING_type_new
./benchmarks/openssl/use_after_free_4/openssl_uaf_4.c:450:9: warning: implicit declaration of function ‘traverse_string’ [-Wimplicit-function-declaration]
  450 |         traverse_string(in, len, inform, cpyfunc, &p);
      |         ^~~~~~~~~~~~~~~
./benchmarks/openssl/use_after_free_4/openssl_uaf_4.c: In function ‘do_check_string’:
./benchmarks/openssl/use_after_free_4/openssl_uaf_4.c:495:53: warning: implicit declaration of function ‘memcmp’ [-Wimplicit-function-declaration]
  495 |                 else if (a->length == (int)blen && !memcmp(a->data, b, blen))
      |                                                     ^~~~~~
./benchmarks/openssl/use_after_free_4/openssl_uaf_4.c:495:53: note: include ‘<string.h>’ or provide a declaration of ‘memcmp’
./benchmarks/openssl/use_after_free_4/openssl_uaf_4.c:498:37: warning: implicit declaration of function ‘BUF_strndup’ [-Wimplicit-function-declaration]
  498 |                         *peername = BUF_strndup((char *)a->data, a->length);
      |                                     ^~~~~~~~~~~
./benchmarks/openssl/use_after_free_4/openssl_uaf_4.c:498:35: warning: assignment to ‘char *’ from ‘int’ makes pointer from integer without a cast [-Wint-conversion]
  498 |                         *peername = BUF_strndup((char *)a->data, a->length);
      |                                   ^
./benchmarks/openssl/use_after_free_4/openssl_uaf_4.c:510:35: warning: assignment to ‘char *’ from ‘int’ makes pointer from integer without a cast [-Wint-conversion]
  510 |                         *peername = BUF_strndup((char *)astr, astrlen); /* use-after-free */
      |                                   ^
./benchmarks/openssl/use_after_free_4/openssl_uaf_4.c: In function ‘main’:
./benchmarks/openssl/use_after_free_4/openssl_uaf_4.c:521:26: warning: initialization discards ‘const’ qualifier from pointer target type [-Wdiscarded-qualifiers]
  521 |         char *peername = b;
      |                          ^
./benchmarks/openssl/use_after_free_4/openssl_uaf_4.c:522:23: warning: incompatible implicit declaration of built-in function ‘strlen’ [-Wbuiltin-declaration-mismatch]
  522 |         size_t blen = strlen(b);
      |                       ^~~~~~
./benchmarks/openssl/use_after_free_4/openssl_uaf_4.c:522:23: note: include ‘<string.h>’ or provide a declaration of ‘strlen’

Time variable                                   usr           sys          wall           GGC
 phase setup                        :   0.00 (  0%)   0.00 (  0%)   0.00 (  0%)  1298k ( 36%)
 phase parsing                      :   0.08 ( 89%)   0.01 (100%)   0.10 ( 91%)  2046k ( 57%)
 phase opt and generate             :   0.01 ( 11%)   0.00 (  0%)   0.01 (  9%)   242k (  7%)
 callgraph ipa passes               :   0.01 ( 11%)   0.00 (  0%)   0.01 (  9%)   115k (  3%)
 ipa function summary               :   0.00 (  0%)   0.00 (  0%)   0.01 (  9%)    12k (  0%)
 preprocessing                      :   0.01 ( 11%)   0.00 (  0%)   0.03 ( 27%)  1119k ( 31%)
 lexical analysis                   :   0.00 (  0%)   0.00 (  0%)   0.01 (  9%)     0  (  0%)
 parser (global)                    :   0.02 ( 22%)   0.01 (100%)   0.00 (  0%)   686k ( 19%)
 parser function body               :   0.05 ( 56%)   0.00 (  0%)   0.06 ( 55%)   130k (  4%)
 remove unused locals               :   0.01 ( 11%)   0.00 (  0%)   0.00 (  0%)     0  (  0%)
 TOTAL                              :   0.09          0.01          0.11         3596k

Time variable                                   usr           sys          wall           GGC
 phase setup                        :   0.00 (  0%)   0.00 (  0%)   0.00 (  0%)  2157k ( 92%)
 phase opt and generate             :   0.09 (100%)   0.01 (100%)   0.11 (100%)   144k (  6%)
 ipa lto gimple in                  :   0.00 (  0%)   0.00 (  0%)   0.01 (  9%)   121k (  5%)
 ipa reference                      :   0.00 (  0%)   0.00 (  0%)   0.01 (  9%)     0  (  0%)
 analyzer                           :   0.01 ( 11%)   0.01 (100%)   0.00 (  0%)     0  (  0%)
 analyzer: processing worklist      :   0.08 ( 89%)   0.00 (  0%)   0.09 ( 82%)     0  (  0%)
 TOTAL                              :   0.09          0.01          0.11         2356k

Time variable                                   usr           sys          wall           GGC
 phase setup                        :   0.00 (  0%)   0.00 (  0%)   0.00 (  0%)  2157k ( 72%)
 phase opt and generate             :   0.03 (100%)   0.00 (  0%)   0.04 (100%)   771k ( 26%)
 callgraph functions expansion      :   0.03 (100%)   0.00 (  0%)   0.03 ( 75%)   608k ( 20%)
 ipa lto gimple in                  :   0.00 (  0%)   0.00 (  0%)   0.01 ( 25%)   121k (  4%)
 tree conservative DCE              :   0.01 ( 33%)   0.00 (  0%)   0.00 (  0%)   152  (  0%)
 dominance computation              :   0.01 ( 33%)   0.00 (  0%)   0.00 (  0%)     0  (  0%)
 post expand cleanups               :   0.00 (  0%)   0.00 (  0%)   0.01 ( 25%)    12k (  0%)
 combiner                           :   0.00 (  0%)   0.00 (  0%)   0.01 ( 25%)    17k (  1%)
 LRA non-specific                   :   0.00 (  0%)   0.00 (  0%)   0.01 ( 25%)  5440  (  0%)
 initialize rtl                     :   0.01 ( 33%)   0.00 (  0%)   0.00 (  0%)    12k (  0%)
 TOTAL                              :   0.03          0.00          0.04         2979k
/usr/bin/ld: /tmp/cc1HTu4z.ltrans0.ltrans.o: in function `ASN1_STRING_type_new':
<artificial>:(.text+0x4d): undefined reference to `ASN1err'
/usr/bin/ld: /tmp/cc1HTu4z.ltrans0.ltrans.o: in function `equal_nocase':
<artificial>:(.text+0x76): undefined reference to `skip_prefix'
/usr/bin/ld: /tmp/cc1HTu4z.ltrans0.ltrans.o: in function `ASN1_mbstring_ncopy':
<artificial>:(.text+0x21f): undefined reference to `ASN1err'
/usr/bin/ld: <artificial>:(.text+0x24c): undefined reference to `ASN1err'
/usr/bin/ld: <artificial>:(.text+0x26b): undefined reference to `ASN1err'
/usr/bin/ld: <artificial>:(.text+0x28a): undefined reference to `ASN1err'
/usr/bin/ld: <artificial>:(.text+0x2a6): undefined reference to `BIO_snprintf'
/usr/bin/ld: <artificial>:(.text+0x2bf): undefined reference to `ERR_add_error_data'
/usr/bin/ld: <artificial>:(.text+0x2de): undefined reference to `ASN1err'
/usr/bin/ld: <artificial>:(.text+0x2fa): undefined reference to `BIO_snprintf'
/usr/bin/ld: <artificial>:(.text+0x313): undefined reference to `ERR_add_error_data'
/usr/bin/ld: <artificial>:(.text+0x3b9): undefined reference to `traverse_string'
/usr/bin/ld: <artificial>:(.text+0x431): undefined reference to `ASN1err'
/usr/bin/ld: <artificial>:(.text+0x44d): undefined reference to `ASN1_STRING_set'
/usr/bin/ld: <artificial>:(.text+0x464): undefined reference to `ASN1err'
/usr/bin/ld: <artificial>:(.text+0x488): undefined reference to `ASN1err'
/usr/bin/ld: <artificial>:(.text+0x49b): undefined reference to `ASN1_STRING_free'
/usr/bin/ld: /tmp/cc1HTu4z.ltrans0.ltrans.o: in function `do_check_string':
<artificial>:(.text+0x5d4): undefined reference to `BUF_strndup'
/usr/bin/ld: <artificial>:(.text+0x650): undefined reference to `BUF_strndup'
collect2: error: ld returned 1 exit status
