In file included from ./benchmarks/openssh-portable/use_after_free_3/openssh_uaf_3.c:9:
./benchmarks/openssh-portable/use_after_free_3/../openssh.h:675:60: warning: ‘struct ssh’ declared inside parameter list will not be visible outside of this definition or declaration
  675 |         int     (*verify_host_key)(struct sshkey *, struct ssh *);
      |                                                            ^~~
./benchmarks/openssh-portable/use_after_free_3/../openssh.h:676:65: warning: ‘struct ssh’ declared inside parameter list will not be visible outside of this definition or declaration
  676 |         struct sshkey *(*load_host_public_key)(int, int, struct ssh *);
      |                                                                 ^~~
./benchmarks/openssh-portable/use_after_free_3/../openssh.h:677:66: warning: ‘struct ssh’ declared inside parameter list will not be visible outside of this definition or declaration
  677 |         struct sshkey *(*load_host_private_key)(int, int, struct ssh *);
      |                                                                  ^~~
./benchmarks/openssh-portable/use_after_free_3/../openssh.h:678:64: warning: ‘struct ssh’ declared inside parameter list will not be visible outside of this definition or declaration
  678 |         int     (*host_key_index)(struct sshkey *, int, struct ssh *);
      |                                                                ^~~
./benchmarks/openssh-portable/use_after_free_3/../openssh.h:681:40: warning: ‘struct ssh’ declared inside parameter list will not be visible outside of this definition or declaration
  681 |         int     (*kex[KEX_MAX])(struct ssh *);
      |                                        ^~~
./benchmarks/openssh-portable/use_after_free_3/openssh_uaf_3.c: In function ‘to_blob’:
./benchmarks/openssh-portable/use_after_free_3/openssh_uaf_3.c:18:17: warning: implicit declaration of function ‘error’; did you mean ‘perror’? [-Wimplicit-function-declaration]
   18 |                 error("key_to_blob: key == NULL");
      |                 ^~~~~
      |                 perror
./benchmarks/openssh-portable/use_after_free_3/openssh_uaf_3.c:21:9: warning: implicit declaration of function ‘buffer_init’ [-Wimplicit-function-declaration]
   21 |         buffer_init(&b);
      |         ^~~~~~~~~~~
./benchmarks/openssh-portable/use_after_free_3/openssh_uaf_3.c:22:30: warning: implicit declaration of function ‘key_type_plain’ [-Wimplicit-function-declaration]
   22 |         type = force_plain ? key_type_plain(key->type) : key->type;
      |                              ^~~~~~~~~~~~~~
./benchmarks/openssh-portable/use_after_free_3/openssh_uaf_3.c:23:23: warning: implicit declaration of function ‘buffer_len’ [-Wimplicit-function-declaration]
   23 |                 len = buffer_len(&b);
      |                       ^~~~~~~~~~
./benchmarks/openssh-portable/use_after_free_3/openssh_uaf_3.c:29:17: warning: implicit declaration of function ‘memcpy’ [-Wimplicit-function-declaration]
   29 |                 memcpy(*blobp, buffer_ptr(&b), len);
      |                 ^~~~~~
./benchmarks/openssh-portable/use_after_free_3/openssh_uaf_3.c:10:1: note: include ‘<string.h>’ or provide a declaration of ‘memcpy’
    9 | #include "../openssh.h"
  +++ |+#include <string.h>
   10 | 
./benchmarks/openssh-portable/use_after_free_3/openssh_uaf_3.c:29:17: warning: incompatible implicit declaration of built-in function ‘memcpy’ [-Wbuiltin-declaration-mismatch]
   29 |                 memcpy(*blobp, buffer_ptr(&b), len);
      |                 ^~~~~~
./benchmarks/openssh-portable/use_after_free_3/openssh_uaf_3.c:29:17: note: include ‘<string.h>’ or provide a declaration of ‘memcpy’
./benchmarks/openssh-portable/use_after_free_3/openssh_uaf_3.c:29:32: warning: implicit declaration of function ‘buffer_ptr’ [-Wimplicit-function-declaration]
   29 |                 memcpy(*blobp, buffer_ptr(&b), len);
      |                                ^~~~~~~~~~
./benchmarks/openssh-portable/use_after_free_3/openssh_uaf_3.c:29:32: warning: passing argument 2 of ‘memcpy’ makes pointer from integer without a cast [-Wint-conversion]
   29 |                 memcpy(*blobp, buffer_ptr(&b), len);
      |                                ^~~~~~~~~~~~~~
      |                                |
      |                                int
./benchmarks/openssh-portable/use_after_free_3/openssh_uaf_3.c:29:32: note: expected ‘const void *’ but argument is of type ‘int’
./benchmarks/openssh-portable/use_after_free_3/openssh_uaf_3.c:31:9: warning: implicit declaration of function ‘memset’ [-Wimplicit-function-declaration]
   31 |         memset(buffer_ptr(&b), 0, len);
      |         ^~~~~~
./benchmarks/openssh-portable/use_after_free_3/openssh_uaf_3.c:31:9: note: include ‘<string.h>’ or provide a declaration of ‘memset’
./benchmarks/openssh-portable/use_after_free_3/openssh_uaf_3.c:31:9: warning: incompatible implicit declaration of built-in function ‘memset’ [-Wbuiltin-declaration-mismatch]
./benchmarks/openssh-portable/use_after_free_3/openssh_uaf_3.c:31:9: note: include ‘<string.h>’ or provide a declaration of ‘memset’
./benchmarks/openssh-portable/use_after_free_3/openssh_uaf_3.c:31:16: warning: passing argument 1 of ‘memset’ makes pointer from integer without a cast [-Wint-conversion]
   31 |         memset(buffer_ptr(&b), 0, len);
      |                ^~~~~~~~~~~~~~
      |                |
      |                int
./benchmarks/openssh-portable/use_after_free_3/openssh_uaf_3.c:31:16: note: expected ‘void *’ but argument is of type ‘int’
./benchmarks/openssh-portable/use_after_free_3/openssh_uaf_3.c:32:9: warning: implicit declaration of function ‘buffer_free’ [-Wimplicit-function-declaration]
   32 |         buffer_free(&b);
      |         ^~~~~~~~~~~
./benchmarks/openssh-portable/use_after_free_3/openssh_uaf_3.c: In function ‘buffer_append’:
./benchmarks/openssh-portable/use_after_free_3/openssh_uaf_3.c:48:13: warning: implicit declaration of function ‘buffer_append_space’; did you mean ‘buffer_append’? [-Wimplicit-function-declaration]
   48 |         p = buffer_append_space(buffer, len);
      |             ^~~~~~~~~~~~~~~~~~~
      |             buffer_append
./benchmarks/openssh-portable/use_after_free_3/openssh_uaf_3.c:48:11: warning: assignment to ‘void *’ from ‘int’ makes pointer from integer without a cast [-Wint-conversion]
   48 |         p = buffer_append_space(buffer, len);
      |           ^
./benchmarks/openssh-portable/use_after_free_3/openssh_uaf_3.c:49:9: warning: incompatible implicit declaration of built-in function ‘memcpy’ [-Wbuiltin-declaration-mismatch]
   49 |         memcpy(p, data, len);
      |         ^~~~~~
./benchmarks/openssh-portable/use_after_free_3/openssh_uaf_3.c:49:9: note: include ‘<string.h>’ or provide a declaration of ‘memcpy’
./benchmarks/openssh-portable/use_after_free_3/openssh_uaf_3.c: In function ‘buffer_put_string’:
./benchmarks/openssh-portable/use_after_free_3/openssh_uaf_3.c:58:9: warning: implicit declaration of function ‘buffer_put_int’; did you mean ‘buffer_put_string’? [-Wimplicit-function-declaration]
   58 |         buffer_put_int(buffer, len);
      |         ^~~~~~~~~~~~~~
      |         buffer_put_string
./benchmarks/openssh-portable/use_after_free_3/openssh_uaf_3.c: In function ‘process_add’:
./benchmarks/openssh-portable/use_after_free_3/openssh_uaf_3.c:73:16: warning: implicit declaration of function ‘get_string’ [-Wimplicit-function-declaration]
   73 |         name = get_string(NULL);
      |                ^~~~~~~~~~
./benchmarks/openssh-portable/use_after_free_3/openssh_uaf_3.c:73:14: warning: assignment to ‘char *’ from ‘int’ makes pointer from integer without a cast [-Wint-conversion]
   73 |         name = get_string(NULL);
      |              ^
./benchmarks/openssh-portable/use_after_free_3/openssh_uaf_3.c:74:13: warning: assignment to ‘char *’ from ‘int’ makes pointer from integer without a cast [-Wint-conversion]
   74 |         pin = get_string(NULL);
      |             ^
./benchmarks/openssh-portable/use_after_free_3/openssh_uaf_3.c:75:22: warning: implicit declaration of function ‘pkcs11_add_provider’ [-Wimplicit-function-declaration]
   75 |         if ((nkeys = pkcs11_add_provider(name, pin, &keys)) > 0) {
      |                      ^~~~~~~~~~~~~~~~~~~
./benchmarks/openssh-portable/use_after_free_3/openssh_uaf_3.c:76:17: warning: implicit declaration of function ‘buffer_put_char’; did you mean ‘buffer_put_string’? [-Wimplicit-function-declaration]
   76 |                 buffer_put_char(&msg, SSH2_AGENT_IDENTITIES_ANSWER);
      |                 ^~~~~~~~~~~~~~~
      |                 buffer_put_string
./benchmarks/openssh-portable/use_after_free_3/openssh_uaf_3.c:81:25: warning: implicit declaration of function ‘buffer_put_cstring’; did you mean ‘buffer_put_string’? [-Wimplicit-function-declaration]
   81 |                         buffer_put_cstring(&msg, name);
      |                         ^~~~~~~~~~~~~~~~~~
      |                         buffer_put_string
./benchmarks/openssh-portable/use_after_free_3/openssh_uaf_3.c:84:25: warning: implicit declaration of function ‘add_key’ [-Wimplicit-function-declaration]
   84 |                         add_key(keys[i], name);
      |                         ^~~~~~~
./benchmarks/openssh-portable/use_after_free_3/openssh_uaf_3.c:92:9: warning: implicit declaration of function ‘send_msg’ [-Wimplicit-function-declaration]
   92 |         send_msg(&msg);
      |         ^~~~~~~~
Profile consistency report:

                                 |mismatch     |mismatch     |                     |
Pass name                        |IN    |IN    |OUT   |OUT   |overall              |
                                 |freq  |count |freq  |count |size      |time      |
cfg                  ------------|      |      |      |      |          |          |
ompexp                           |      |      |      |      |   +100.0%|          |
fixup_cfg            ------------|      |      |      |      |          |          |
ssa                              |      |      |      |      |     -0.7%|          |
nothrow                          |      |      |      |      |     -0.7%|          |
fixup_cfg            ------------|      |      |      |      |          |          |
local-fnsummary      ------------|      |      |      |      |          |          |
einline              ------------|      |      |      |      |          |          |
early_optimizations  ------------|      |      |      |      |          |          |
objsz                ------------|      |      |      |      |          |          |
ccp                  ------------|      |      |      |      |          |          |
forwprop             ------------|      |      |      |      |          |          |
ethread              ------------|      |      |      |      |          |          |
esra                 ------------|      |      |      |      |          |          |
ealias               ------------|      |      |      |      |          |          |
mergephi             ------------|      |      |      |      |          |          |
cddce                            |      |      |      |      |     -0.7%|          |
phiopt                           |      |      |      |      |     -0.7%|          |
modref               ------------|      |      |      |      |          |          |
iftoswitch           ------------|      |      |      |      |          |          |
profile_estimate     ------------|      |      |      |      |          |          |
local-pure-const                 |      |      |      |      |          |   +100.0%|
release_ssa          ------------|      |      |      |      |          |          |
local-fnsummary      ------------|      |      |      |      |          |          |
=======ipa_pta=========
===============The first stage : Point of interest stmt collect=================
=======node_fun:main=========
=======node_fun:process_add=========
during IPA pass: static_analyzer
In function ‘process_add’:
lto1: internal compiler error: Segmentation fault
0x7fbe7845ebce bb_in_branch_p(gimple*)
	/root/x21321219/new_gccplugin/Compiler/unit.h:16
0x7fbe7845fe19 set_ptb(basic_block_def*, ptb*, tree_node*, unsigned int, int, gimple*, cgraph_node*)
	/root/x21321219/new_gccplugin/Compiler/gimplearray.h:15
0x7fbe7846458d collect_function_call(gimple*, cgraph_node*, basic_block_def*)
	/root/x21321219/new_gccplugin/Compiler/collect.h:71
0x7fbe78475985 detect()
	/root/x21321219/new_gccplugin/Compiler/Algorithm.h:760
0x7fbe784761ba execute_detect
	/root/x21321219/new_gccplugin/Compiler/gcc_plugin.c:107
0x7fbe78476230 execute
	/root/x21321219/new_gccplugin/Compiler/gcc_plugin.c:130
Please submit a full bug report,
with preprocessed source if appropriate.
Please include the complete backtrace with any bug report.
See <https://gcc.gnu.org/bugs/> for instructions.
lto-wrapper: fatal error: gcc-11.1 returned 1 exit status
compilation terminated.
/usr/bin/ld: error: lto-wrapper failed
collect2: error: ld returned 1 exit status
