./benchmarks/binutils/use_after_free_4/binutils_uaf_4.c: In function ‘svr4_read_so_list’:
./benchmarks/binutils/use_after_free_4/binutils_uaf_4.c:73:22: warning: implicit declaration of function ‘lm_info_read’ [-Wimplicit-function-declaration]
   73 |       new->lm_info = lm_info_read (lm);
      |                      ^~~~~~~~~~~~
./benchmarks/binutils/use_after_free_4/binutils_uaf_4.c:73:20: warning: assignment to ‘struct lm_info *’ from ‘int’ makes pointer from integer without a cast [-Wint-conversion]
   73 |       new->lm_info = lm_info_read (lm);
      |                    ^
./benchmarks/binutils/use_after_free_4/binutils_uaf_4.c:84:11: warning: implicit declaration of function ‘warning’ [-Wimplicit-function-declaration]
   84 |           warning (_("Corrupted shared library list: %s != %s"),
      |           ^~~~~~~
./benchmarks/binutils/use_after_free_4/binutils_uaf_4.c:84:20: warning: implicit declaration of function ‘_’ [-Wimplicit-function-declaration]
   84 |           warning (_("Corrupted shared library list: %s != %s"),
      |                    ^
./benchmarks/binutils/use_after_free_4/binutils_uaf_4.c:85:20: warning: implicit declaration of function ‘paddress’ [-Wimplicit-function-declaration]
   85 |                    paddress (target_gdbarch (), prev_lm),
      |                    ^~~~~~~~
./benchmarks/binutils/use_after_free_4/binutils_uaf_4.c:85:30: warning: implicit declaration of function ‘target_gdbarch’ [-Wimplicit-function-declaration]
   85 |                    paddress (target_gdbarch (), prev_lm),
      |                              ^~~~~~~~~~~~~~
./benchmarks/binutils/use_after_free_4/binutils_uaf_4.c:98:36: warning: implicit declaration of function ‘get_svr4_info’ [-Wimplicit-function-declaration]
   98 |           struct svr4_info *info = get_svr4_info ();
      |                                    ^~~~~~~~~~~~~
./benchmarks/binutils/use_after_free_4/binutils_uaf_4.c:98:36: warning: initialization of ‘struct svr4_info *’ from ‘int’ makes pointer from integer without a cast [-Wint-conversion]
./benchmarks/binutils/use_after_free_4/binutils_uaf_4.c:107:7: warning: implicit declaration of function ‘target_read_string’ [-Wimplicit-function-declaration]
  107 |       target_read_string (new->lm_info->l_name, &buffer,
      |       ^~~~~~~~~~~~~~~~~~
./benchmarks/binutils/use_after_free_4/binutils_uaf_4.c:118:22: warning: implicit declaration of function ‘safe_strerror’ [-Wimplicit-function-declaration]
  118 |                      safe_strerror (errcode));
      |                      ^~~~~~~~~~~~~
./benchmarks/binutils/use_after_free_4/binutils_uaf_4.c:123:7: warning: implicit declaration of function ‘strncpy’ [-Wimplicit-function-declaration]
  123 |       strncpy (new->so_name, buffer, SO_NAME_MAX_PATH_SIZE - 1);
      |       ^~~~~~~
./benchmarks/binutils/use_after_free_4/binutils_uaf_4.c:8:1: note: include ‘<string.h>’ or provide a declaration of ‘strncpy’
    7 | #include "../include/binutils.h"
  +++ |+#include <string.h>
    8 | 
./benchmarks/binutils/use_after_free_4/binutils_uaf_4.c:123:7: warning: incompatible implicit declaration of built-in function ‘strncpy’ [-Wbuiltin-declaration-mismatch]
  123 |       strncpy (new->so_name, buffer, SO_NAME_MAX_PATH_SIZE - 1);
      |       ^~~~~~~
./benchmarks/binutils/use_after_free_4/binutils_uaf_4.c:123:7: note: include ‘<string.h>’ or provide a declaration of ‘strncpy’
./benchmarks/binutils/use_after_free_4/binutils_uaf_4.c:125:7: warning: implicit declaration of function ‘strcpy’ [-Wimplicit-function-declaration]
  125 |       strcpy (new->so_original_name, new->so_name);
      |       ^~~~~~
./benchmarks/binutils/use_after_free_4/binutils_uaf_4.c:125:7: note: include ‘<string.h>’ or provide a declaration of ‘strcpy’
./benchmarks/binutils/use_after_free_4/binutils_uaf_4.c:125:7: warning: incompatible implicit declaration of built-in function ‘strcpy’ [-Wbuiltin-declaration-mismatch]
./benchmarks/binutils/use_after_free_4/binutils_uaf_4.c:125:7: note: include ‘<string.h>’ or provide a declaration of ‘strcpy’
./benchmarks/binutils/use_after_free_4/binutils_uaf_4.c:130:32: warning: implicit declaration of function ‘match_main’ [-Wimplicit-function-declaration]
  130 |       if (! new->so_name[0] || match_main (new->so_name))
      |                                ^~~~~~~~~~
Profile consistency report:

                                 |mismatch     |mismatch     |                     |
Pass name                        |IN    |IN    |OUT   |OUT   |overall              |
                                 |freq  |count |freq  |count |size      |time      |
cfg                  ------------|      |      |      |      |          |          |
ompexp                           |      |      |      |      |   +100.0%|          |
fixup_cfg            ------------|      |      |      |      |          |          |
ssa                              |      |      |      |      |     -2.1%|          |
nothrow                          |      |      |      |      |     -2.2%|          |
fixup_cfg            ------------|      |      |      |      |          |          |
local-fnsummary      ------------|      |      |      |      |          |          |
einline              ------------|      |      |      |      |          |          |
early_optimizations  ------------|      |      |      |      |          |          |
objsz                ------------|      |      |      |      |          |          |
ccp                  ------------|      |      |      |      |          |          |
forwprop             ------------|      |      |      |      |          |          |
ethread              ------------|      |      |      |      |          |          |
esra                 ------------|      |      |      |      |          |          |
ealias               ------------|      |      |      |      |          |          |
mergephi             ------------|      |      |      |      |          |          |
cddce                ------------|      |      |      |      |          |          |
phiopt               ------------|      |      |      |      |          |          |
modref               ------------|      |      |      |      |          |          |
iftoswitch           ------------|      |      |      |      |          |          |
profile_estimate     ------------|      |      |      |      |          |          |
local-pure-const                 |      |      |      |      |          |   +100.0%|
release_ssa          ------------|      |      |      |      |          |          |
local-fnsummary      ------------|      |      |      |      |          |          |
=======ipa_pta=========
===============The first stage : Point of interest stmt collect=================
=======node_fun:main=========
=======node_fun:svr4_read_so_list=========
during IPA pass: static_analyzer
In function ‘svr4_read_so_list’:
lto1: internal compiler error: Segmentation fault
0x7f8fe6ff6bce bb_in_branch_p(gimple*)
	/root/x21321219/new_gccplugin/Compiler/unit.h:16
0x7f8fe6ff7e19 set_ptb(basic_block_def*, ptb*, tree_node*, unsigned int, int, gimple*, cgraph_node*)
	/root/x21321219/new_gccplugin/Compiler/gimplearray.h:15
0x7f8fe6ffc6dc collect_function_call(gimple*, cgraph_node*, basic_block_def*)
	/root/x21321219/new_gccplugin/Compiler/collect.h:80
0x7f8fe700d985 detect()
	/root/x21321219/new_gccplugin/Compiler/Algorithm.h:760
0x7f8fe700e1ba execute_detect
	/root/x21321219/new_gccplugin/Compiler/gcc_plugin.c:107
0x7f8fe700e230 execute
	/root/x21321219/new_gccplugin/Compiler/gcc_plugin.c:130
Please submit a full bug report,
with preprocessed source if appropriate.
Please include the complete backtrace with any bug report.
See <https://gcc.gnu.org/bugs/> for instructions.
lto-wrapper: fatal error: gcc-11.1 returned 1 exit status
compilation terminated.
/usr/bin/ld: error: lto-wrapper failed
collect2: error: ld returned 1 exit status
