./benchmarks/binutils/leak_6/binutils_leak_6.c: In function ‘add_symbol_file_command’:
./benchmarks/binutils/leak_6/binutils_leak_6.c:108:50: warning: implicit declaration of function ‘strcmp’ [-Wimplicit-function-declaration]
  108 |                                         else if (strcmp (arg, "-s") == 0)
      |                                                  ^~~~~~
./benchmarks/binutils/leak_6/binutils_leak_6.c:8:1: note: include ‘<string.h>’ or provide a declaration of ‘strcmp’
    7 | #include "../include/vec.h"
  +++ |+#include <string.h>
    8 | 
./benchmarks/binutils/leak_6/binutils_leak_6.c: In function ‘main’:
./benchmarks/binutils/leak_6/binutils_leak_6.c:149:33: warning: passing argument 1 of ‘add_symbol_file_command’ from incompatible pointer type [-Wincompatible-pointer-types]
  149 |         add_symbol_file_command(args);
      |                                 ^~~~
      |                                 |
      |                                 const char **
./benchmarks/binutils/leak_6/binutils_leak_6.c:49:33: note: expected ‘char **’ but argument is of type ‘const char **’
   49 | add_symbol_file_command (char **args)
      |                          ~~~~~~~^~~~
Profile consistency report:

                                 |mismatch     |mismatch     |                     |
Pass name                        |IN    |IN    |OUT   |OUT   |overall              |
                                 |freq  |count |freq  |count |size      |time      |
cfg                  ------------|      |      |      |      |          |          |
ompexp                           |      |      |      |      |   +100.0%|          |
fixup_cfg            ------------|      |      |      |      |          |          |
ssa                              |      |      |      |      |     -2.7%|          |
nothrow                          |      |      |      |      |     -2.7%|          |
fixup_cfg            ------------|      |      |      |      |          |          |
local-fnsummary      ------------|      |      |      |      |          |          |
einline              ------------|      |      |      |      |          |          |
early_optimizations  ------------|      |      |      |      |          |          |
objsz                ------------|      |      |      |      |          |          |
ccp                              |      |      |      |      |     -0.2%|          |
forwprop                         |      |      |      |      |     -0.2%|          |
ethread              ------------|      |      |      |      |          |          |
esra                 ------------|      |      |      |      |          |          |
ealias               ------------|      |      |      |      |          |          |
mergephi             ------------|      |      |      |      |          |          |
cddce                            |      |      |      |      |     -0.6%|          |
phiopt                           |      |      |      |      |     -0.8%|          |
modref                           |      |      |      |      |     -0.2%|          |
iftoswitch           ------------|      |      |      |      |          |          |
profile_estimate     ------------|      |      |      |      |          |          |
local-pure-const                 |      |      |      |      |          |   +100.0%|
release_ssa          ------------|      |      |      |      |          |          |
local-fnsummary      ------------|      |      |      |      |          |          |
=======ipa_pta=========
===============The first stage : Point of interest stmt collect=================
=======node_fun:main=========
=======node_fun:add_symbol_file_command=========
during IPA pass: static_analyzer
In function ‘add_symbol_file_command’:
lto1: internal compiler error: Segmentation fault
0x7f7a53cc2bce bb_in_branch_p(gimple*)
	/root/x21321219/new_gccplugin/Compiler/unit.h:16
0x7f7a53cc3e19 set_ptb(basic_block_def*, ptb*, tree_node*, unsigned int, int, gimple*, cgraph_node*)
	/root/x21321219/new_gccplugin/Compiler/gimplearray.h:15
0x7f7a53cc86dc collect_function_call(gimple*, cgraph_node*, basic_block_def*)
	/root/x21321219/new_gccplugin/Compiler/collect.h:80
0x7f7a53cd9985 detect()
	/root/x21321219/new_gccplugin/Compiler/Algorithm.h:760
0x7f7a53cda1ba execute_detect
	/root/x21321219/new_gccplugin/Compiler/gcc_plugin.c:107
0x7f7a53cda230 execute
	/root/x21321219/new_gccplugin/Compiler/gcc_plugin.c:130
Please submit a full bug report,
with preprocessed source if appropriate.
Please include the complete backtrace with any bug report.
See <https://gcc.gnu.org/bugs/> for instructions.
lto-wrapper: fatal error: gcc-11.1 returned 1 exit status
compilation terminated.
/usr/bin/ld: error: lto-wrapper failed
collect2: error: ld returned 1 exit status
