./benchmarks/binutils/use_after_free_3/binutils_uaf_3.c: In function ‘cgen_get_insn_value’:
./benchmarks/binutils/use_after_free_3/binutils_uaf_3.c:116:24: warning: implicit declaration of function ‘bfd_get_bits’; did you mean ‘bfd_put_bits’? [-Wimplicit-function-declaration]
  116 |           this_value = bfd_get_bits (& buf[bit_index / 8], insn_chunk_bitsize, big_p);
      |                        ^~~~~~~~~~~~
      |                        bfd_put_bits
./benchmarks/binutils/use_after_free_3/binutils_uaf_3.c: In function ‘cgen_dis_lookup_insn’:
./benchmarks/binutils/use_after_free_3/binutils_uaf_3.c:163:5: warning: implicit declaration of function ‘build_dis_hash_table’ [-Wimplicit-function-declaration]
  163 |     build_dis_hash_table (cd);
      |     ^~~~~~~~~~~~~~~~~~~~
./benchmarks/binutils/use_after_free_3/binutils_uaf_3.c: In function ‘main’:
./benchmarks/binutils/use_after_free_3/binutils_uaf_3.c:210:39: warning: implicit declaration of function ‘strdup’ [-Wimplicit-function-declaration]
  210 |     unsigned char *insn_bytes_value = strdup("insn_value");
      |                                       ^~~~~~
./benchmarks/binutils/use_after_free_3/binutils_uaf_3.c:210:39: warning: incompatible implicit declaration of built-in function ‘strdup’ [-Wbuiltin-declaration-mismatch]
Profile consistency report:

                                 |mismatch     |mismatch     |                     |
Pass name                        |IN    |IN    |OUT   |OUT   |overall              |
                                 |freq  |count |freq  |count |size      |time      |
cfg                  ------------|      |      |      |      |          |          |
ompexp                           |      |      |      |      |   +100.0%|          |
fixup_cfg            ------------|      |      |      |      |          |          |
ssa                              |      |      |      |      |     -2.6%|          |
nothrow                          |      |      |      |      |     -2.7%|          |
fixup_cfg            ------------|      |      |      |      |          |          |
local-fnsummary      ------------|      |      |      |      |          |          |
einline              ------------|      |      |      |      |          |          |
early_optimizations  ------------|      |      |      |      |          |          |
objsz                ------------|      |      |      |      |          |          |
ccp                              |      |      |      |      |     -1.0%|          |
forwprop                         |      |      |      |      |     -1.4%|          |
ethread                          |      |      |      |      |     -0.4%|          |
esra                 ------------|      |      |      |      |          |          |
ealias               ------------|      |      |      |      |          |          |
mergephi             ------------|      |      |      |      |          |          |
cddce                            |      |      |      |      |     -0.2%|          |
phiopt                           |      |      |      |      |     -0.2%|          |
modref               ------------|      |      |      |      |          |          |
iftoswitch           ------------|      |      |      |      |          |          |
profile_estimate     ------------|      |      |      |      |          |          |
local-pure-const                 |      |      |      |      |          |   +100.0%|
release_ssa          ------------|      |      |      |      |          |          |
local-fnsummary      ------------|      |      |      |      |          |          |
=======ipa_pta=========
===============The first stage : Point of interest stmt collect=================
=======node_fun:main=========
during IPA pass: static_analyzer
In function ‘main’:
lto1: internal compiler error: Segmentation fault
0x7f9c6698abce bb_in_branch_p(gimple*)
	/root/x21321219/new_gccplugin/Compiler/unit.h:16
0x7f9c6698be19 set_ptb(basic_block_def*, ptb*, tree_node*, unsigned int, int, gimple*, cgraph_node*)
	/root/x21321219/new_gccplugin/Compiler/gimplearray.h:15
0x7f9c669906dc collect_function_call(gimple*, cgraph_node*, basic_block_def*)
	/root/x21321219/new_gccplugin/Compiler/collect.h:80
0x7f9c669a1985 detect()
	/root/x21321219/new_gccplugin/Compiler/Algorithm.h:760
0x7f9c669a21ba execute_detect
	/root/x21321219/new_gccplugin/Compiler/gcc_plugin.c:107
0x7f9c669a2230 execute
	/root/x21321219/new_gccplugin/Compiler/gcc_plugin.c:130
Please submit a full bug report,
with preprocessed source if appropriate.
Please include the complete backtrace with any bug report.
See <https://gcc.gnu.org/bugs/> for instructions.
lto-wrapper: fatal error: gcc-11.1 returned 1 exit status
compilation terminated.
/usr/bin/ld: error: lto-wrapper failed
collect2: error: ld returned 1 exit status
