In file included from ./benchmarks/openssh-portable/double_free_1/openssh_df_1.c:9:
./benchmarks/openssh-portable/double_free_1/../openssh.h:675:60: warning: ‘struct ssh’ declared inside parameter list will not be visible outside of this definition or declaration
  675 |         int     (*verify_host_key)(struct sshkey *, struct ssh *);
      |                                                            ^~~
./benchmarks/openssh-portable/double_free_1/../openssh.h:676:65: warning: ‘struct ssh’ declared inside parameter list will not be visible outside of this definition or declaration
  676 |         struct sshkey *(*load_host_public_key)(int, int, struct ssh *);
      |                                                                 ^~~
./benchmarks/openssh-portable/double_free_1/../openssh.h:677:66: warning: ‘struct ssh’ declared inside parameter list will not be visible outside of this definition or declaration
  677 |         struct sshkey *(*load_host_private_key)(int, int, struct ssh *);
      |                                                                  ^~~
./benchmarks/openssh-portable/double_free_1/../openssh.h:678:64: warning: ‘struct ssh’ declared inside parameter list will not be visible outside of this definition or declaration
  678 |         int     (*host_key_index)(struct sshkey *, int, struct ssh *);
      |                                                                ^~~
./benchmarks/openssh-portable/double_free_1/../openssh.h:681:40: warning: ‘struct ssh’ declared inside parameter list will not be visible outside of this definition or declaration
  681 |         int     (*kex[KEX_MAX])(struct ssh *);
      |                                        ^~~
./benchmarks/openssh-portable/double_free_1/openssh_df_1.c: In function ‘main’:
./benchmarks/openssh-portable/double_free_1/openssh_df_1.c:145:15: warning: implicit declaration of function ‘time’ [-Wimplicit-function-declaration]
  145 |         srand(time(NULL));
      |               ^~~~
Profile consistency report:

                                 |mismatch     |mismatch     |                     |
Pass name                        |IN    |IN    |OUT   |OUT   |overall              |
                                 |freq  |count |freq  |count |size      |time      |
cfg                  ------------|      |      |      |      |          |          |
ompexp                           |      |      |      |      |   +100.0%|          |
fixup_cfg            ------------|      |      |      |      |          |          |
ssa                              |      |      |      |      |     -3.1%|          |
nothrow                          |      |      |      |      |     -3.2%|          |
fixup_cfg            ------------|      |      |      |      |          |          |
local-fnsummary      ------------|      |      |      |      |          |          |
einline              ------------|      |      |      |      |          |          |
early_optimizations  ------------|      |      |      |      |          |          |
objsz                ------------|      |      |      |      |          |          |
ccp                  ------------|      |      |      |      |          |          |
forwprop             ------------|      |      |      |      |          |          |
ethread              ------------|      |      |      |      |          |          |
esra                 ------------|      |      |      |      |          |          |
ealias               ------------|      |      |      |      |          |          |
mergephi             ------------|      |      |      |      |          |          |
cddce                ------------|      |      |      |      |          |          |
phiopt               ------------|      |      |      |      |          |          |
modref               ------------|      |      |      |      |          |          |
iftoswitch           ------------|      |      |      |      |          |          |
profile_estimate     ------------|      |      |      |      |          |          |
local-pure-const                 |      |      |      |      |          |   +100.0%|
release_ssa          ------------|      |      |      |      |          |          |
local-fnsummary      ------------|      |      |      |      |          |          |
=======ipa_pta=========
===============The first stage : Point of interest stmt collect=================
=======node_fun:main=========
=======node_fun:sshkey_generate=========
=======node_fun:dsa_generate_private_key=========
during IPA pass: static_analyzer
In function ‘dsa_generate_private_key’:
lto1: internal compiler error: Segmentation fault
0x7ff4afd13bce bb_in_branch_p(gimple*)
	/root/x21321219/new_gccplugin/Compiler/unit.h:16
0x7ff4afd14e19 set_ptb(basic_block_def*, ptb*, tree_node*, unsigned int, int, gimple*, cgraph_node*)
	/root/x21321219/new_gccplugin/Compiler/gimplearray.h:15
0x7ff4afd196dc collect_function_call(gimple*, cgraph_node*, basic_block_def*)
	/root/x21321219/new_gccplugin/Compiler/collect.h:80
0x7ff4afd2a985 detect()
	/root/x21321219/new_gccplugin/Compiler/Algorithm.h:760
0x7ff4afd2b1ba execute_detect
	/root/x21321219/new_gccplugin/Compiler/gcc_plugin.c:107
0x7ff4afd2b230 execute
	/root/x21321219/new_gccplugin/Compiler/gcc_plugin.c:130
Please submit a full bug report,
with preprocessed source if appropriate.
Please include the complete backtrace with any bug report.
See <https://gcc.gnu.org/bugs/> for instructions.
lto-wrapper: fatal error: gcc-11.1 returned 1 exit status
compilation terminated.
/usr/bin/ld: error: lto-wrapper failed
collect2: error: ld returned 1 exit status
