./benchmarks/openssl/leak_10/openssl_leak_10.c: In function ‘EVP_DecodeBlock’:
./benchmarks/openssl/leak_10/openssl_leak_10.c:95:13: warning: implicit declaration of function ‘conv_ascii2bin’ [-Wimplicit-function-declaration]
   95 |     while ((conv_ascii2bin(*f) == B64_WS) && (n > 0)) {
      |             ^~~~~~~~~~~~~~
./benchmarks/openssl/leak_10/openssl_leak_10.c: In function ‘ct_base64_decode’:
./benchmarks/openssl/leak_10/openssl_leak_10.c:135:20: warning: implicit declaration of function ‘strlen’ [-Wimplicit-function-declaration]
  135 |     size_t inlen = strlen(in);
      |                    ^~~~~~
./benchmarks/openssl/leak_10/openssl_leak_10.c:11:1: note: include ‘<string.h>’ or provide a declaration of ‘strlen’
   10 | #include "../openssl.h"
  +++ |+#include <string.h>
   11 | 
./benchmarks/openssl/leak_10/openssl_leak_10.c:135:20: warning: incompatible implicit declaration of built-in function ‘strlen’ [-Wbuiltin-declaration-mismatch]
  135 |     size_t inlen = strlen(in);
      |                    ^~~~~~
./benchmarks/openssl/leak_10/openssl_leak_10.c:135:20: note: include ‘<string.h>’ or provide a declaration of ‘strlen’
./benchmarks/openssl/leak_10/openssl_leak_10.c:147:9: warning: implicit declaration of function ‘CTerr’ [-Wimplicit-function-declaration]
  147 |         CTerr(CT_F_CT_BASE64_DECODE, ERR_R_MALLOC_FAILURE);
      |         ^~~~~
./benchmarks/openssl/leak_10/openssl_leak_10.c: In function ‘CTLOG_new_from_base64’:
./benchmarks/openssl/leak_10/openssl_leak_10.c:193:12: warning: implicit declaration of function ‘d2i_PUBKEY’ [-Wimplicit-function-declaration]
  193 |     pkey = d2i_PUBKEY(NULL, &p, pkey_der_len);
      |            ^~~~~~~~~~
./benchmarks/openssl/leak_10/openssl_leak_10.c:193:10: warning: assignment to ‘EVP_PKEY *’ {aka ‘struct evp_pkey_st *’} from ‘int’ makes pointer from integer without a cast [-Wint-conversion]
  193 |     pkey = d2i_PUBKEY(NULL, &p, pkey_der_len);
      |          ^
./benchmarks/openssl/leak_10/openssl_leak_10.c:200:15: warning: implicit declaration of function ‘CTLOG_new’ [-Wimplicit-function-declaration]
  200 |     *ct_log = CTLOG_new(pkey, name);
      |               ^~~~~~~~~
./benchmarks/openssl/leak_10/openssl_leak_10.c:200:13: warning: assignment to ‘CTLOG *’ {aka ‘struct ctlog_st *’} from ‘int’ makes pointer from integer without a cast [-Wint-conversion]
  200 |     *ct_log = CTLOG_new(pkey, name);
      |             ^
./benchmarks/openssl/leak_10/openssl_leak_10.c:202:9: warning: implicit declaration of function ‘EVP_PKEY_free’ [-Wimplicit-function-declaration]
  202 |         EVP_PKEY_free(pkey);
      |         ^~~~~~~~~~~~~
Profile consistency report:

                                 |mismatch     |mismatch     |                     |
Pass name                        |IN    |IN    |OUT   |OUT   |overall              |
                                 |freq  |count |freq  |count |size      |time      |
cfg                  ------------|      |      |      |      |          |          |
ompexp                           |      |      |      |      |   +100.0%|          |
fixup_cfg            ------------|      |      |      |      |          |          |
ssa                              |      |      |      |      |     -3.0%|          |
nothrow                          |      |      |      |      |     -3.1%|          |
fixup_cfg            ------------|      |      |      |      |          |          |
local-fnsummary      ------------|      |      |      |      |          |          |
einline              ------------|      |      |      |      |          |          |
early_optimizations  ------------|      |      |      |      |          |          |
objsz                ------------|      |      |      |      |          |          |
ccp                  ------------|      |      |      |      |          |          |
forwprop                         |      |      |      |      |     -1.9%|          |
ethread                          |      |      |      |      |     -1.9%|          |
esra                 ------------|      |      |      |      |          |          |
ealias               ------------|      |      |      |      |          |          |
mergephi             ------------|      |      |      |      |          |          |
cddce                            |      |      |      |      |     -0.3%|          |
phiopt                           |      |      |      |      |     -0.3%|          |
modref               ------------|      |      |      |      |          |          |
iftoswitch           ------------|      |      |      |      |          |          |
profile_estimate     ------------|      |      |      |      |          |          |
local-pure-const                 |      |      |      |      |          |   +100.0%|
release_ssa          ------------|      |      |      |      |          |          |
local-fnsummary      ------------|      |      |      |      |          |          |
=======ipa_pta=========
===============The first stage : Point of interest stmt collect=================
=======node_fun:main=========
=======node_fun:CTLOG_new_from_base64=========
during IPA pass: static_analyzer
In function ‘CTLOG_new_from_base64’:
lto1: internal compiler error: Segmentation fault
0x7f0462fcebce bb_in_branch_p(gimple*)
	/root/x21321219/new_gccplugin/Compiler/unit.h:16
0x7f0462fcfe19 set_ptb(basic_block_def*, ptb*, tree_node*, unsigned int, int, gimple*, cgraph_node*)
	/root/x21321219/new_gccplugin/Compiler/gimplearray.h:15
0x7f0462fd458d collect_function_call(gimple*, cgraph_node*, basic_block_def*)
	/root/x21321219/new_gccplugin/Compiler/collect.h:71
0x7f0462fe5985 detect()
	/root/x21321219/new_gccplugin/Compiler/Algorithm.h:760
0x7f0462fe61ba execute_detect
	/root/x21321219/new_gccplugin/Compiler/gcc_plugin.c:107
0x7f0462fe6230 execute
	/root/x21321219/new_gccplugin/Compiler/gcc_plugin.c:130
Please submit a full bug report,
with preprocessed source if appropriate.
Please include the complete backtrace with any bug report.
See <https://gcc.gnu.org/bugs/> for instructions.
lto-wrapper: fatal error: gcc-11.1 returned 1 exit status
compilation terminated.
/usr/bin/ld: error: lto-wrapper failed
collect2: error: ld returned 1 exit status
