./benchmarks/openssl/double_free_2/openssl_df_2.c: In function ‘tls_construct_cke_rsa’:
./benchmarks/openssl/double_free_2/openssl_df_2.c:75:9: warning: implicit declaration of function ‘RAND_bytes’ [-Wimplicit-function-declaration]
   75 |     if (RAND_bytes(pms + 2, (int)(pmslen - 2)) <= 0) {
      |         ^~~~~~~~~~
./benchmarks/openssl/double_free_2/openssl_df_2.c:83:10: warning: implicit declaration of function ‘ssl_log_rsa_client_key_exchange’ [-Wimplicit-function-declaration]
   83 |     if (!ssl_log_rsa_client_key_exchange(s, encdata, enclen, pms, pmslen))
      |          ^~~~~~~~~~~~~~~~~~~~~~~~~~~~~~~
Profile consistency report:

                                 |mismatch     |mismatch     |                     |
Pass name                        |IN    |IN    |OUT   |OUT   |overall              |
                                 |freq  |count |freq  |count |size      |time      |
cfg                  ------------|      |      |      |      |          |          |
ompexp                           |      |      |      |      |   +100.0%|          |
fixup_cfg            ------------|      |      |      |      |          |          |
ssa                              |      |      |      |      |     -1.6%|          |
nothrow                          |      |      |      |      |     -1.6%|          |
fixup_cfg            ------------|      |      |      |      |          |          |
local-fnsummary      ------------|      |      |      |      |          |          |
einline              ------------|      |      |      |      |          |          |
early_optimizations  ------------|      |      |      |      |          |          |
objsz                ------------|      |      |      |      |          |          |
ccp                              |      |      |      |      |     -0.5%|          |
forwprop                         |      |      |      |      |     -1.1%|          |
ethread                          |      |      |      |      |     -0.6%|          |
esra                 ------------|      |      |      |      |          |          |
ealias               ------------|      |      |      |      |          |          |
mergephi             ------------|      |      |      |      |          |          |
cddce                ------------|      |      |      |      |          |          |
phiopt               ------------|      |      |      |      |          |          |
modref               ------------|      |      |      |      |          |          |
iftoswitch           ------------|      |      |      |      |          |          |
profile_estimate     ------------|      |      |      |      |          |          |
local-pure-const                 |      |      |      |      |          |   +100.0%|
release_ssa          ------------|      |      |      |      |          |          |
local-fnsummary      ------------|      |      |      |      |          |          |
=======ipa_pta=========
===============The first stage : Point of interest stmt collect=================
=======node_fun:main=========
=======node_fun:tls_construct_client_key_exchange=========
during IPA pass: static_analyzer
In function ‘tls_construct_client_key_exchange’:
lto1: internal compiler error: Segmentation fault
0x7f63ac190bce bb_in_branch_p(gimple*)
	/root/x21321219/new_gccplugin/Compiler/unit.h:16
0x7f63ac191e19 set_ptb(basic_block_def*, ptb*, tree_node*, unsigned int, int, gimple*, cgraph_node*)
	/root/x21321219/new_gccplugin/Compiler/gimplearray.h:15
0x7f63ac19658d collect_function_call(gimple*, cgraph_node*, basic_block_def*)
	/root/x21321219/new_gccplugin/Compiler/collect.h:71
0x7f63ac1a7985 detect()
	/root/x21321219/new_gccplugin/Compiler/Algorithm.h:760
0x7f63ac1a81ba execute_detect
	/root/x21321219/new_gccplugin/Compiler/gcc_plugin.c:107
0x7f63ac1a8230 execute
	/root/x21321219/new_gccplugin/Compiler/gcc_plugin.c:130
Please submit a full bug report,
with preprocessed source if appropriate.
Please include the complete backtrace with any bug report.
See <https://gcc.gnu.org/bugs/> for instructions.
lto-wrapper: fatal error: gcc-11.1 returned 1 exit status
compilation terminated.
/usr/bin/ld: error: lto-wrapper failed
collect2: error: ld returned 1 exit status
