In file included from ./benchmarks/git/use_after_free_2/git_uaf_2.c:11:
./benchmarks/git/use_after_free_2/../git.h: In function ‘copy_array’:
./benchmarks/git/use_after_free_2/../git.h:161:17: warning: implicit declaration of function ‘memcpy’ [-Wimplicit-function-declaration]
  161 |                 memcpy(dst, src, st_mult(size, n));
      |                 ^~~~~~
./benchmarks/git/use_after_free_2/../git.h:1:1: note: include ‘<string.h>’ or provide a declaration of ‘memcpy’
  +++ |+#include <string.h>
    1 | #define STRING_LIST_INIT_NODUP { NULL, 0, 0, 0, NULL }
./benchmarks/git/use_after_free_2/../git.h:161:17: warning: incompatible implicit declaration of built-in function ‘memcpy’ [-Wbuiltin-declaration-mismatch]
  161 |                 memcpy(dst, src, st_mult(size, n));
      |                 ^~~~~~
./benchmarks/git/use_after_free_2/../git.h:161:17: note: include ‘<string.h>’ or provide a declaration of ‘memcpy’
./benchmarks/git/use_after_free_2/../git.h:161:34: warning: implicit declaration of function ‘st_mult’ [-Wimplicit-function-declaration]
  161 |                 memcpy(dst, src, st_mult(size, n));
      |                                  ^~~~~~~
./benchmarks/git/use_after_free_2/../git.h: In function ‘move_array’:
./benchmarks/git/use_after_free_2/../git.h:169:17: warning: implicit declaration of function ‘memmove’ [-Wimplicit-function-declaration]
  169 |                 memmove(dst, src, st_mult(size, n));
      |                 ^~~~~~~
./benchmarks/git/use_after_free_2/../git.h:169:17: note: include ‘<string.h>’ or provide a declaration of ‘memmove’
./benchmarks/git/use_after_free_2/../git.h:169:17: warning: incompatible implicit declaration of built-in function ‘memmove’ [-Wbuiltin-declaration-mismatch]
./benchmarks/git/use_after_free_2/../git.h:169:17: note: include ‘<string.h>’ or provide a declaration of ‘memmove’
In file included from ./benchmarks/git/use_after_free_2/git_uaf_2.c:10:
./benchmarks/git/use_after_free_2/../git.h: In function ‘xstrdup_or_null’:
./benchmarks/git/use_after_free_2/../stdio.h:138:20: warning: implicit declaration of function ‘strdup’ [-Wimplicit-function-declaration]
  138 | #define xstrdup(a) strdup(a)
      |                    ^~~~~~
./benchmarks/git/use_after_free_2/../git.h:174:22: note: in expansion of macro ‘xstrdup’
  174 |         return str ? xstrdup(str) : NULL;
      |                      ^~~~~~~
./benchmarks/git/use_after_free_2/../stdio.h:138:20: warning: incompatible implicit declaration of built-in function ‘strdup’ [-Wbuiltin-declaration-mismatch]
  138 | #define xstrdup(a) strdup(a)
      |                    ^~~~~~
./benchmarks/git/use_after_free_2/../git.h:174:22: note: in expansion of macro ‘xstrdup’
  174 |         return str ? xstrdup(str) : NULL;
      |                      ^~~~~~~
In file included from ./benchmarks/git/use_after_free_2/git_uaf_2.c:11:
./benchmarks/git/use_after_free_2/../git.h: At top level:
./benchmarks/git/use_after_free_2/../git.h:236:62: warning: ‘struct archiver_args’ declared inside parameter list will not be visible outside of this definition or declaration
  236 |         int (*write_archive)(const struct archiver *, struct archiver_args *);
      |                                                              ^~~~~~~~~~~~~
./benchmarks/git/use_after_free_2/../git.h: In function ‘strbuf_swap’:
./benchmarks/git/use_after_free_2/../git.h:126:9: warning: incompatible implicit declaration of built-in function ‘memcpy’ [-Wbuiltin-declaration-mismatch]
  126 |         memcpy(_swap_buffer, _swap_a_ptr, sizeof(a));           \
      |         ^~~~~~
./benchmarks/git/use_after_free_2/../git.h:407:9: note: in expansion of macro ‘SWAP’
  407 |         SWAP(*a, *b);
      |         ^~~~
./benchmarks/git/use_after_free_2/../git.h:126:9: note: include ‘<string.h>’ or provide a declaration of ‘memcpy’
  126 |         memcpy(_swap_buffer, _swap_a_ptr, sizeof(a));           \
      |         ^~~~~~
./benchmarks/git/use_after_free_2/../git.h:407:9: note: in expansion of macro ‘SWAP’
  407 |         SWAP(*a, *b);
      |         ^~~~
./benchmarks/git/use_after_free_2/git_uaf_2.c: In function ‘default_start_failure’:
./benchmarks/git/use_after_free_2/git_uaf_2.c:138:9: warning: implicit declaration of function ‘strbuf_addstr’ [-Wimplicit-function-declaration]
  138 |         strbuf_addstr(err, "Starting a child failed:");
      |         ^~~~~~~~~~~~~
./benchmarks/git/use_after_free_2/git_uaf_2.c:140:17: warning: implicit declaration of function ‘strbuf_addf’ [-Wimplicit-function-declaration]
  140 |                 strbuf_addf(err, " %s", cp->argv[i]);
      |                 ^~~~~~~~~~~
./benchmarks/git/use_after_free_2/git_uaf_2.c: In function ‘pp_init’:
./benchmarks/git/use_after_free_2/git_uaf_2.c:174:21: warning: implicit declaration of function ‘online_cpus’ [-Wimplicit-function-declaration]
  174 |                 n = online_cpus();
      |                     ^~~~~~~~~~~
./benchmarks/git/use_after_free_2/git_uaf_2.c:178:9: warning: implicit declaration of function ‘trace_printf’ [-Wimplicit-function-declaration]
  178 |         trace_printf("run_processes_parallel: preparing to run up to %d tasks", n);
      |         ^~~~~~~~~~~~
./benchmarks/git/use_after_free_2/git_uaf_2.c:193:9: warning: implicit declaration of function ‘strbuf_init’ [-Wimplicit-function-declaration]
  193 |         strbuf_init(&pp->buffered_output, 0);
      |         ^~~~~~~~~~~
./benchmarks/git/use_after_free_2/git_uaf_2.c:197:17: warning: implicit declaration of function ‘child_process_init’ [-Wimplicit-function-declaration]
  197 |                 child_process_init(&pp->children[i].process);
      |                 ^~~~~~~~~~~~~~~~~~
./benchmarks/git/use_after_free_2/git_uaf_2.c: In function ‘pp_start_one’:
./benchmarks/git/use_after_free_2/git_uaf_2.c:227:17: warning: implicit declaration of function ‘strbuf_addbuf’ [-Wimplicit-function-declaration]
  227 |                 strbuf_addbuf(&pp->buffered_output, &pp->children[i].err);
      |                 ^~~~~~~~~~~~~
./benchmarks/git/use_after_free_2/git_uaf_2.c:228:17: warning: implicit declaration of function ‘strbuf_reset’ [-Wimplicit-function-declaration]
  228 |                 strbuf_reset(&pp->children[i].err);
      |                 ^~~~~~~~~~~~
./benchmarks/git/use_after_free_2/git_uaf_2.c:235:13: warning: implicit declaration of function ‘start_command’ [-Wimplicit-function-declaration]
  235 |         if (start_command(&pp->children[i].process)) {
      |             ^~~~~~~~~~~~~
./benchmarks/git/use_after_free_2/git_uaf_2.c: In function ‘kill_children’:
./benchmarks/git/use_after_free_2/git_uaf_2.c:259:25: warning: implicit declaration of function ‘kill’ [-Wimplicit-function-declaration]
  259 |                         kill(pp->children[i].process.pid, signo);
      |                         ^~~~
./benchmarks/git/use_after_free_2/git_uaf_2.c: In function ‘pp_collect_finished’:
./benchmarks/git/use_after_free_2/git_uaf_2.c:275:24: warning: implicit declaration of function ‘finish_command’ [-Wimplicit-function-declaration]
  275 |                 code = finish_command(&pp->children[i].process);
      |                        ^~~~~~~~~~~~~~
./benchmarks/git/use_after_free_2/git_uaf_2.c: In function ‘finish_command’:
./benchmarks/git/use_after_free_2/git_uaf_2.c:321:15: warning: implicit declaration of function ‘wait_or_whine’ [-Wimplicit-function-declaration]
  321 |     int ret = wait_or_whine(cmd->pid, cmd->argv[0], 0);
      |               ^~~~~~~~~~~~~
./benchmarks/git/use_after_free_2/git_uaf_2.c:322:5: warning: implicit declaration of function ‘child_process_clear’ [-Wimplicit-function-declaration]
  322 |     child_process_clear(cmd);
      |     ^~~~~~~~~~~~~~~~~~~
./benchmarks/git/use_after_free_2/git_uaf_2.c: At top level:
./benchmarks/git/use_after_free_2/git_uaf_2.c:326:6: warning: conflicting types for ‘child_process_clear’; have ‘void(struct child_process *)’
  326 | void child_process_clear(struct child_process *child)
      |      ^~~~~~~~~~~~~~~~~~~
./benchmarks/git/use_after_free_2/git_uaf_2.c:322:5: note: previous implicit declaration of ‘child_process_clear’ with type ‘void(struct child_process *)’
  322 |     child_process_clear(cmd);
      |     ^~~~~~~~~~~~~~~~~~~
./benchmarks/git/use_after_free_2/git_uaf_2.c: In function ‘child_process_clear’:
./benchmarks/git/use_after_free_2/git_uaf_2.c:328:9: warning: implicit declaration of function ‘argv_array_clear’ [-Wimplicit-function-declaration]
  328 |         argv_array_clear(&child->args);
      |         ^~~~~~~~~~~~~~~~
./benchmarks/git/use_after_free_2/git_uaf_2.c: In function ‘run_processes_parallel’:
./benchmarks/git/use_after_free_2/git_uaf_2.c:361:17: warning: implicit declaration of function ‘pp_buffer_stderr’ [-Wimplicit-function-declaration]
  361 |                 pp_buffer_stderr(&pp, output_timeout);
      |                 ^~~~~~~~~~~~~~~~
./benchmarks/git/use_after_free_2/git_uaf_2.c:362:17: warning: implicit declaration of function ‘pp_output’ [-Wimplicit-function-declaration]
  362 |                 pp_output(&pp);
      |                 ^~~~~~~~~
./benchmarks/git/use_after_free_2/git_uaf_2.c:371:9: warning: implicit declaration of function ‘pp_cleanup’ [-Wimplicit-function-declaration]
  371 |         pp_cleanup(&pp);
      |         ^~~~~~~~~~
./benchmarks/git/use_after_free_2/git_uaf_2.c: In function ‘parallel_next’:
./benchmarks/git/use_after_free_2/git_uaf_2.c:385:9: warning: implicit declaration of function ‘argv_array_pushv’ [-Wimplicit-function-declaration]
  385 |         argv_array_pushv(&cp->args, d->argv);
      |         ^~~~~~~~~~~~~~~~
./benchmarks/git/use_after_free_2/git_uaf_2.c: In function ‘main’:
./benchmarks/git/use_after_free_2/git_uaf_2.c:419:14: warning: implicit declaration of function ‘strcmp’ [-Wimplicit-function-declaration]
  419 |         if (!strcmp(argv[1], "start-command-ENOENT")) {
      |              ^~~~~~
./benchmarks/git/use_after_free_2/git_uaf_2.c:12:1: note: include ‘<string.h>’ or provide a declaration of ‘strcmp’
   11 | #include "../git.h"
  +++ |+#include <string.h>
   12 | 
./benchmarks/git/use_after_free_2/git_uaf_2.c:426:22: warning: implicit declaration of function ‘run_command’; did you mean ‘finish_command’? [-Wimplicit-function-declaration]
  426 |                 exit(run_command(&proc));
      |                      ^~~~~~~~~~~
      |                      finish_command
Profile consistency report:

                                 |mismatch     |mismatch     |                     |
Pass name                        |IN    |IN    |OUT   |OUT   |overall              |
                                 |freq  |count |freq  |count |size      |time      |
cfg                  ------------|      |      |      |      |          |          |
ompexp                           |      |      |      |      |   +100.0%|          |
fixup_cfg            ------------|      |      |      |      |          |          |
ssa                              |      |      |      |      |     -1.1%|          |
nothrow                          |      |      |      |      |     -1.2%|          |
fixup_cfg            ------------|      |      |      |      |          |          |
local-fnsummary      ------------|      |      |      |      |          |          |
einline              ------------|      |      |      |      |          |          |
early_optimizations  ------------|      |      |      |      |          |          |
objsz                ------------|      |      |      |      |          |          |
ccp                  ------------|      |      |      |      |          |          |
forwprop                         |      |      |      |      |     -0.6%|          |
ethread                          |      |      |      |      |     -0.6%|          |
esra                 ------------|      |      |      |      |          |          |
ealias               ------------|      |      |      |      |          |          |
mergephi             ------------|      |      |      |      |          |          |
cddce                ------------|      |      |      |      |          |          |
phiopt               ------------|      |      |      |      |          |          |
modref               ------------|      |      |      |      |          |          |
iftoswitch           ------------|      |      |      |      |          |          |
profile_estimate     ------------|      |      |      |      |          |          |
local-pure-const                 |      |      |      |      |          |   +100.0%|
release_ssa          ------------|      |      |      |      |          |          |
local-fnsummary      ------------|      |      |      |      |          |          |
=======ipa_pta=========
===============The first stage : Point of interest stmt collect=================
=======node_fun:main=========
=======node_fun:task_finished=========
=======node_fun:no_job=========
=======node_fun:parallel_next=========
=======node_fun:run_processes_parallel=========
=======node_fun:child_process_clear=========
=======node_fun:finish_command=========
=======node_fun:pp_collect_finished=========
=======node_fun:kill_children=========
=======node_fun:pp_start_one=========
=======node_fun:pp_init=========
during IPA pass: static_analyzer
In function ‘pp_init’:
lto1: internal compiler error: Segmentation fault
0x7f90bedb5bce bb_in_branch_p(gimple*)
	/root/x21321219/new_gccplugin/Compiler/unit.h:16
0x7f90bedb6e19 set_ptb(basic_block_def*, ptb*, tree_node*, unsigned int, int, gimple*, cgraph_node*)
	/root/x21321219/new_gccplugin/Compiler/gimplearray.h:15
0x7f90bedbb6dc collect_function_call(gimple*, cgraph_node*, basic_block_def*)
	/root/x21321219/new_gccplugin/Compiler/collect.h:80
0x7f90bedcc985 detect()
	/root/x21321219/new_gccplugin/Compiler/Algorithm.h:760
0x7f90bedcd1ba execute_detect
	/root/x21321219/new_gccplugin/Compiler/gcc_plugin.c:107
0x7f90bedcd230 execute
	/root/x21321219/new_gccplugin/Compiler/gcc_plugin.c:130
Please submit a full bug report,
with preprocessed source if appropriate.
Please include the complete backtrace with any bug report.
See <https://gcc.gnu.org/bugs/> for instructions.
lto-wrapper: fatal error: gcc-11.1 returned 1 exit status
compilation terminated.
/usr/bin/ld: error: lto-wrapper failed
collect2: error: ld returned 1 exit status
