./benchmarks/binutils/leak_10/binutils_leak_10.c: In function ‘nextword’:
./benchmarks/binutils/leak_10/binutils_leak_10.c:87:10: warning: implicit declaration of function ‘isspace’ [-Wimplicit-function-declaration]
   87 |   while (isspace ((unsigned char) *string) || *string == '-')
      |          ^~~~~~~
./benchmarks/binutils/leak_10/binutils_leak_10.c:7:1: note: include ‘<ctype.h>’ or provide a declaration of ‘isspace’
    6 | #include "../include/common.h"
  +++ |+#include <ctype.h>
    7 | 
./benchmarks/binutils/leak_10/binutils_leak_10.c: In function ‘compile’:
./benchmarks/binutils/leak_10/binutils_leak_10.c:174:11: warning: implicit declaration of function ‘strcmp’ [-Wimplicit-function-declaration]
  174 |       if (strcmp (word, "var") == 0)
      |           ^~~~~~
./benchmarks/binutils/leak_10/binutils_leak_10.c:7:1: note: include ‘<string.h>’ or provide a declaration of ‘strcmp’
    6 | #include "../include/common.h"
  +++ |+#include <string.h>
    7 | 
Profile consistency report:

                                 |mismatch     |mismatch     |                     |
Pass name                        |IN    |IN    |OUT   |OUT   |overall              |
                                 |freq  |count |freq  |count |size      |time      |
cfg                  ------------|      |      |      |      |          |          |
ompexp                           |      |      |      |      |   +100.0%|          |
fixup_cfg            ------------|      |      |      |      |          |          |
ssa                              |      |      |      |      |     -2.2%|          |
nothrow                          |      |      |      |      |     -2.3%|          |
fixup_cfg            ------------|      |      |      |      |          |          |
local-fnsummary      ------------|      |      |      |      |          |          |
einline              ------------|      |      |      |      |          |          |
early_optimizations  ------------|      |      |      |      |          |          |
objsz                ------------|      |      |      |      |          |          |
ccp                  ------------|      |      |      |      |          |          |
forwprop                         |      |      |      |      |     -0.1%|          |
ethread                          |      |      |      |      |     -0.1%|          |
esra                 ------------|      |      |      |      |          |          |
ealias               ------------|      |      |      |      |          |          |
mergephi             ------------|      |      |      |      |          |          |
cddce                            |      |      |      |      |     -0.3%|          |
phiopt                           |      |      |      |      |     -0.3%|          |
modref               ------------|      |      |      |      |          |          |
iftoswitch           ------------|      |      |      |      |          |          |
profile_estimate     ------------|      |      |      |      |          |          |
local-pure-const                 |      |      |      |      |          |   +100.0%|
release_ssa          ------------|      |      |      |      |          |          |
local-fnsummary      ------------|      |      |      |      |          |          |
=======ipa_pta=========
===============The first stage : Point of interest stmt collect=================
=======node_fun:main=========
during IPA pass: static_analyzer
In function ‘main’:
lto1: internal compiler error: Segmentation fault
0x7fa08a87abce bb_in_branch_p(gimple*)
	/root/x21321219/new_gccplugin/Compiler/unit.h:16
0x7fa08a87be19 set_ptb(basic_block_def*, ptb*, tree_node*, unsigned int, int, gimple*, cgraph_node*)
	/root/x21321219/new_gccplugin/Compiler/gimplearray.h:15
0x7fa08a88058d collect_function_call(gimple*, cgraph_node*, basic_block_def*)
	/root/x21321219/new_gccplugin/Compiler/collect.h:71
0x7fa08a891985 detect()
	/root/x21321219/new_gccplugin/Compiler/Algorithm.h:760
0x7fa08a8921ba execute_detect
	/root/x21321219/new_gccplugin/Compiler/gcc_plugin.c:107
0x7fa08a892230 execute
	/root/x21321219/new_gccplugin/Compiler/gcc_plugin.c:130
Please submit a full bug report,
with preprocessed source if appropriate.
Please include the complete backtrace with any bug report.
See <https://gcc.gnu.org/bugs/> for instructions.
lto-wrapper: fatal error: gcc-11.1 returned 1 exit status
compilation terminated.
/usr/bin/ld: error: lto-wrapper failed
collect2: error: ld returned 1 exit status
