In file included from ./benchmarks/openssh-portable/double_free_3/openssh_df_3.c:9:
./benchmarks/openssh-portable/double_free_3/../openssh.h:675:60: warning: ‘struct ssh’ declared inside parameter list will not be visible outside of this definition or declaration
  675 |         int     (*verify_host_key)(struct sshkey *, struct ssh *);
      |                                                            ^~~
./benchmarks/openssh-portable/double_free_3/../openssh.h:676:65: warning: ‘struct ssh’ declared inside parameter list will not be visible outside of this definition or declaration
  676 |         struct sshkey *(*load_host_public_key)(int, int, struct ssh *);
      |                                                                 ^~~
./benchmarks/openssh-portable/double_free_3/../openssh.h:677:66: warning: ‘struct ssh’ declared inside parameter list will not be visible outside of this definition or declaration
  677 |         struct sshkey *(*load_host_private_key)(int, int, struct ssh *);
      |                                                                  ^~~
./benchmarks/openssh-portable/double_free_3/../openssh.h:678:64: warning: ‘struct ssh’ declared inside parameter list will not be visible outside of this definition or declaration
  678 |         int     (*host_key_index)(struct sshkey *, int, struct ssh *);
      |                                                                ^~~
./benchmarks/openssh-portable/double_free_3/../openssh.h:681:40: warning: ‘struct ssh’ declared inside parameter list will not be visible outside of this definition or declaration
  681 |         int     (*kex[KEX_MAX])(struct ssh *);
      |                                        ^~~
./benchmarks/openssh-portable/double_free_3/openssh_df_3.c: In function ‘buffer_get_string_ret’:
./benchmarks/openssh-portable/double_free_3/openssh_df_3.c:33:15: warning: implicit declaration of function ‘strlen’ [-Wimplicit-function-declaration]
   33 |         len = strlen(buffer);
      |               ^~~~~~
./benchmarks/openssh-portable/double_free_3/openssh_df_3.c:10:1: note: include ‘<string.h>’ or provide a declaration of ‘strlen’
    9 | #include "../openssh.h"
  +++ |+#include <string.h>
   10 | 
./benchmarks/openssh-portable/double_free_3/openssh_df_3.c:33:15: warning: incompatible implicit declaration of built-in function ‘strlen’ [-Wbuiltin-declaration-mismatch]
   33 |         len = strlen(buffer);
      |               ^~~~~~
./benchmarks/openssh-portable/double_free_3/openssh_df_3.c:33:15: note: include ‘<string.h>’ or provide a declaration of ‘strlen’
./benchmarks/openssh-portable/double_free_3/openssh_df_3.c: In function ‘process_mux_new_session’:
./benchmarks/openssh-portable/double_free_3/openssh_df_3.c:93:21: warning: implicit declaration of function ‘strdup’ [-Wimplicit-function-declaration]
   93 |         cctx->cmd = strdup(cmd);
      |                     ^~~~~~
./benchmarks/openssh-portable/double_free_3/openssh_df_3.c:93:21: warning: incompatible implicit declaration of built-in function ‘strdup’ [-Wbuiltin-declaration-mismatch]
Profile consistency report:

                                 |mismatch     |mismatch     |                     |
Pass name                        |IN    |IN    |OUT   |OUT   |overall              |
                                 |freq  |count |freq  |count |size      |time      |
cfg                  ------------|      |      |      |      |          |          |
ompexp                           |      |      |      |      |   +100.0%|          |
fixup_cfg            ------------|      |      |      |      |          |          |
ssa                              |      |      |      |      |     -2.7%|          |
nothrow                          |      |      |      |      |     -2.7%|          |
fixup_cfg            ------------|      |      |      |      |          |          |
local-fnsummary      ------------|      |      |      |      |          |          |
einline              ------------|      |      |      |      |          |          |
early_optimizations  ------------|      |      |      |      |          |          |
objsz                ------------|      |      |      |      |          |          |
ccp                              |      |      |      |      |     -2.3%|          |
forwprop                         |      |      |      |      |     -2.4%|          |
ethread              ------------|      |      |      |      |          |          |
esra                 ------------|      |      |      |      |          |          |
ealias               ------------|      |      |      |      |          |          |
mergephi             ------------|      |      |      |      |          |          |
cddce                ------------|      |      |      |      |          |          |
phiopt               ------------|      |      |      |      |          |          |
modref               ------------|      |      |      |      |          |          |
iftoswitch           ------------|      |      |      |      |          |          |
profile_estimate     ------------|      |      |      |      |          |          |
local-pure-const                 |      |      |      |      |          |   +100.0%|
release_ssa          ------------|      |      |      |      |          |          |
local-fnsummary      ------------|      |      |      |      |          |          |
=======ipa_pta=========
===============The first stage : Point of interest stmt collect=================
=======node_fun:main=========
=======node_fun:process_mux_new_session=========
during IPA pass: static_analyzer
In function ‘process_mux_new_session’:
lto1: internal compiler error: Segmentation fault
0x7f8406ac5bce bb_in_branch_p(gimple*)
	/root/x21321219/new_gccplugin/Compiler/unit.h:16
0x7f8406ac6e19 set_ptb(basic_block_def*, ptb*, tree_node*, unsigned int, int, gimple*, cgraph_node*)
	/root/x21321219/new_gccplugin/Compiler/gimplearray.h:15
0x7f8406acb6dc collect_function_call(gimple*, cgraph_node*, basic_block_def*)
	/root/x21321219/new_gccplugin/Compiler/collect.h:80
0x7f8406adc985 detect()
	/root/x21321219/new_gccplugin/Compiler/Algorithm.h:760
0x7f8406add1ba execute_detect
	/root/x21321219/new_gccplugin/Compiler/gcc_plugin.c:107
0x7f8406add230 execute
	/root/x21321219/new_gccplugin/Compiler/gcc_plugin.c:130
Please submit a full bug report,
with preprocessed source if appropriate.
Please include the complete backtrace with any bug report.
See <https://gcc.gnu.org/bugs/> for instructions.
lto-wrapper: fatal error: gcc-11.1 returned 1 exit status
compilation terminated.
/usr/bin/ld: error: lto-wrapper failed
collect2: error: ld returned 1 exit status
