./benchmarks/openssl/leak_5/openssl_leak_5.c:175:5: error: expected specifier-qualifier-list before ‘STACK_OF’
     STACK_OF(ASN1_OBJECT) *policies; /* Permissible policies */
     ^~~~~~~~
./benchmarks/openssl/leak_5/openssl_leak_5.c: In function ‘X509_STORE_CTX_cleanup’:
./benchmarks/openssl/leak_5/openssl_leak_5.c:194:18: warning: format ‘%x’ expects argument of type ‘unsigned int’, but argument 2 has type ‘X509_VERIFY_PARAM * {aka struct X509_VERIFY_PARAM_st *}’ [-Wformat=]
         printf("%x\n", ctx->param);
                 ~^     ~~~~~~~~~~
./benchmarks/openssl/leak_5/openssl_leak_5.c:196:4: warning: implicit declaration of function ‘X509_VERIFY_PARAM_free’; did you mean ‘X509_V_ERR_PATH_LOOP’? [-Wimplicit-function-declaration]
    X509_VERIFY_PARAM_free(ctx->param);
    ^~~~~~~~~~~~~~~~~~~~~~
    X509_V_ERR_PATH_LOOP
./benchmarks/openssl/leak_5/openssl_leak_5.c:199:5: warning: implicit declaration of function ‘X509_policy_tree_free’ [-Wimplicit-function-declaration]
     X509_policy_tree_free(ctx->tree);
     ^~~~~~~~~~~~~~~~~~~~~
./benchmarks/openssl/leak_5/openssl_leak_5.c:201:5: warning: implicit declaration of function ‘sk_X509_pop_free’; did you mean ‘X509_free’? [-Wimplicit-function-declaration]
     sk_X509_pop_free(ctx->chain, X509_free);
     ^~~~~~~~~~~~~~~~
     X509_free
./benchmarks/openssl/leak_5/openssl_leak_5.c:201:25: error: ‘X509_STORE_CTX {aka struct x509_store_ctx_st}’ has no member named ‘chain’
     sk_X509_pop_free(ctx->chain, X509_free);
                         ^~
./benchmarks/openssl/leak_5/openssl_leak_5.c:202:8: error: ‘X509_STORE_CTX {aka struct x509_store_ctx_st}’ has no member named ‘chain’
     ctx->chain = NULL;
        ^~
./benchmarks/openssl/leak_5/openssl_leak_5.c: In function ‘test_ptr’:
./benchmarks/openssl/leak_5/openssl_leak_5.c:219:5: warning: implicit declaration of function ‘test_fail_message’ [-Wimplicit-function-declaration]
     test_fail_message(NULL, file, line, "ptr", s, "NULL", "!=", "%p", p);
     ^~~~~~~~~~~~~~~~~
./benchmarks/openssl/leak_5/openssl_leak_5.c: In function ‘check_key_level’:
./benchmarks/openssl/leak_5/openssl_leak_5.c:262:22: warning: implicit declaration of function ‘X509_get0_pubkey’ [-Wimplicit-function-declaration]
     EVP_PKEY *pkey = X509_get0_pubkey(cert);
                      ^~~~~~~~~~~~~~~~
./benchmarks/openssl/leak_5/openssl_leak_5.c:262:22: warning: initialization makes pointer from integer without a cast [-Wint-conversion]
./benchmarks/openssl/leak_5/openssl_leak_5.c:272:12: warning: implicit declaration of function ‘EVP_PKEY_security_bits’ [-Wimplicit-function-declaration]
     return EVP_PKEY_security_bits(pkey) >= minbits_table[level - 1];
            ^~~~~~~~~~~~~~~~~~~~~~
./benchmarks/openssl/leak_5/openssl_leak_5.c: In function ‘X509_verify_cert’:
./benchmarks/openssl/leak_5/openssl_leak_5.c:285:12: error: ‘X509_STORE_CTX {aka struct x509_store_ctx_st}’ has no member named ‘chain’
     if (ctx->chain != NULL) {
            ^~
./benchmarks/openssl/leak_5/openssl_leak_5.c:298:14: error: ‘X509_STORE_CTX {aka struct x509_store_ctx_st}’ has no member named ‘chain’
     if (((ctx->chain = sk_X509_new_null()) == NULL) ||
              ^~
./benchmarks/openssl/leak_5/openssl_leak_5.c:298:24: warning: implicit declaration of function ‘sk_X509_new_null’ [-Wimplicit-function-declaration]
     if (((ctx->chain = sk_X509_new_null()) == NULL) ||
                        ^~~~~~~~~~~~~~~~
./benchmarks/openssl/leak_5/openssl_leak_5.c:299:11: warning: implicit declaration of function ‘sk_X509_push’ [-Wimplicit-function-declaration]
         (!sk_X509_push(ctx->chain, ctx->cert))) {
           ^~~~~~~~~~~~
./benchmarks/openssl/leak_5/openssl_leak_5.c:299:27: error: ‘X509_STORE_CTX {aka struct x509_store_ctx_st}’ has no member named ‘chain’
         (!sk_X509_push(ctx->chain, ctx->cert))) {
                           ^~
./benchmarks/openssl/leak_5/openssl_leak_5.c:303:5: warning: implicit declaration of function ‘X509_up_ref’; did you mean ‘X509_free’? [-Wimplicit-function-declaration]
     X509_up_ref(ctx->cert);
     ^~~~~~~~~~~
     X509_free
./benchmarks/openssl/leak_5/openssl_leak_5.c:308:10: warning: implicit declaration of function ‘verify_cb_cert’; did you mean ‘X509_verify_cert’? [-Wimplicit-function-declaration]
         !verify_cb_cert(ctx, ctx->cert, 0, X509_V_ERR_EE_KEY_TOO_SMALL))
          ^~~~~~~~~~~~~~
          X509_verify_cert
./benchmarks/openssl/leak_5/openssl_leak_5.c:311:9: warning: implicit declaration of function ‘DANETLS_ENABLED’ [-Wimplicit-function-declaration]
     if (DANETLS_ENABLED(dane))
         ^~~~~~~~~~~~~~~
./benchmarks/openssl/leak_5/openssl_leak_5.c:312:15: warning: implicit declaration of function ‘dane_verify’ [-Wimplicit-function-declaration]
         ret = dane_verify(ctx);
               ^~~~~~~~~~~
./benchmarks/openssl/leak_5/openssl_leak_5.c:314:15: warning: implicit declaration of function ‘verify_chain’ [-Wimplicit-function-declaration]
         ret = verify_chain(ctx);
               ^~~~~~~~~~~~
./benchmarks/openssl/leak_5/openssl_leak_5.c: At top level:
./benchmarks/openssl/leak_5/openssl_leak_5.c:331:43: error: unknown type name ‘STACK_OF’
 static int verify(X509 *leaf, X509 *root, STACK_OF(X509_CRL) *crls,
                                           ^~~~~~~~
./benchmarks/openssl/leak_5/openssl_leak_5.c: In function ‘test_no_crl’:
./benchmarks/openssl/leak_5/openssl_leak_5.c:373:12: warning: implicit declaration of function ‘TEST_int_eq’; did you mean ‘TEST_long_eq’? [-Wimplicit-function-declaration]
     return TEST_int_eq(verify(test_leaf, test_root, NULL,
            ^~~~~~~~~~~
            TEST_long_eq
./benchmarks/openssl/leak_5/openssl_leak_5.c:373:24: warning: implicit declaration of function ‘verify’ [-Wimplicit-function-declaration]
     return TEST_int_eq(verify(test_leaf, test_root, NULL,
                        ^~~~~~
