In file included from ./benchmarks/openssh-portable/leak_1/openssh_leak_1.c:10:
./benchmarks/openssh-portable/leak_1/../openssh.h:675:60: warning: ‘struct ssh’ declared inside parameter list will not be visible outside of this definition or declaration
  675 |         int     (*verify_host_key)(struct sshkey *, struct ssh *);
      |                                                            ^~~
./benchmarks/openssh-portable/leak_1/../openssh.h:676:65: warning: ‘struct ssh’ declared inside parameter list will not be visible outside of this definition or declaration
  676 |         struct sshkey *(*load_host_public_key)(int, int, struct ssh *);
      |                                                                 ^~~
./benchmarks/openssh-portable/leak_1/../openssh.h:677:66: warning: ‘struct ssh’ declared inside parameter list will not be visible outside of this definition or declaration
  677 |         struct sshkey *(*load_host_private_key)(int, int, struct ssh *);
      |                                                                  ^~~
./benchmarks/openssh-portable/leak_1/../openssh.h:678:64: warning: ‘struct ssh’ declared inside parameter list will not be visible outside of this definition or declaration
  678 |         int     (*host_key_index)(struct sshkey *, int, struct ssh *);
      |                                                                ^~~
./benchmarks/openssh-portable/leak_1/../openssh.h:681:40: warning: ‘struct ssh’ declared inside parameter list will not be visible outside of this definition or declaration
  681 |         int     (*kex[KEX_MAX])(struct ssh *);
      |                                        ^~~
./benchmarks/openssh-portable/leak_1/openssh_leak_1.c: In function ‘strlcat’:
./benchmarks/openssh-portable/leak_1/openssh_leak_1.c:57:31: warning: implicit declaration of function ‘strlen’ [-Wimplicit-function-declaration]
   57 |                 return(dlen + strlen(s));
      |                               ^~~~~~
./benchmarks/openssh-portable/leak_1/openssh_leak_1.c:11:1: note: include ‘<string.h>’ or provide a declaration of ‘strlen’
   10 | #include "../openssh.h"
  +++ |+#include <string.h>
   11 | 
./benchmarks/openssh-portable/leak_1/openssh_leak_1.c:57:31: warning: incompatible implicit declaration of built-in function ‘strlen’ [-Wbuiltin-declaration-mismatch]
   57 |                 return(dlen + strlen(s));
      |                               ^~~~~~
./benchmarks/openssh-portable/leak_1/openssh_leak_1.c:57:31: note: include ‘<string.h>’ or provide a declaration of ‘strlen’
./benchmarks/openssh-portable/leak_1/openssh_leak_1.c: In function ‘match_pattern_list’:
./benchmarks/openssh-portable/leak_1/openssh_leak_1.c:136:37: warning: incompatible implicit declaration of built-in function ‘strlen’ [-Wbuiltin-declaration-mismatch]
  136 |         unsigned int i, subi, len = strlen(pattern);
      |                                     ^~~~~~
./benchmarks/openssh-portable/leak_1/openssh_leak_1.c:136:37: note: include ‘<string.h>’ or provide a declaration of ‘strlen’
./benchmarks/openssh-portable/leak_1/openssh_leak_1.c:154:48: warning: implicit declaration of function ‘isupper’ [-Wimplicit-function-declaration]
  154 |                         sub[subi] = dolower && isupper((u_char)pattern[i]) ?
      |                                                ^~~~~~~
./benchmarks/openssh-portable/leak_1/openssh_leak_1.c:11:1: note: include ‘<ctype.h>’ or provide a declaration of ‘isupper’
   10 | #include "../openssh.h"
  +++ |+#include <ctype.h>
   11 | 
./benchmarks/openssh-portable/leak_1/openssh_leak_1.c:155:29: warning: implicit declaration of function ‘tolower’ [-Wimplicit-function-declaration]
  155 |                             tolower((u_char)pattern[i]) : pattern[i];
      |                             ^~~~~~~
./benchmarks/openssh-portable/leak_1/openssh_leak_1.c:155:29: note: include ‘<ctype.h>’ or provide a declaration of ‘tolower’
./benchmarks/openssh-portable/leak_1/openssh_leak_1.c: In function ‘match_filter_list’:
./benchmarks/openssh-portable/leak_1/openssh_leak_1.c:186:18: warning: incompatible implicit declaration of built-in function ‘strlen’ [-Wbuiltin-declaration-mismatch]
  186 |     size_t len = strlen(proposal) + 1;
      |                  ^~~~~~
./benchmarks/openssh-portable/leak_1/openssh_leak_1.c:186:18: note: include ‘<string.h>’ or provide a declaration of ‘strlen’
./benchmarks/openssh-portable/leak_1/openssh_leak_1.c:188:23: warning: implicit declaration of function ‘strdup’ [-Wimplicit-function-declaration]
  188 |     char *orig_prop = strdup(proposal);
      |                       ^~~~~~
./benchmarks/openssh-portable/leak_1/openssh_leak_1.c:188:23: warning: incompatible implicit declaration of built-in function ‘strdup’ [-Wbuiltin-declaration-mismatch]
Profile consistency report:

                                 |mismatch     |mismatch     |                     |
Pass name                        |IN    |IN    |OUT   |OUT   |overall              |
                                 |freq  |count |freq  |count |size      |time      |
cfg                  ------------|      |      |      |      |          |          |
ompexp                           |      |      |      |      |   +100.0%|          |
fixup_cfg            ------------|      |      |      |      |          |          |
ssa                              |      |      |      |      |     -3.4%|          |
nothrow                          |      |      |      |      |     -3.5%|          |
fixup_cfg            ------------|      |      |      |      |          |          |
local-fnsummary      ------------|      |      |      |      |          |          |
einline              ------------|      |      |      |      |          |          |
early_optimizations  ------------|      |      |      |      |          |          |
objsz                ------------|      |      |      |      |          |          |
ccp                  ------------|      |      |      |      |          |          |
forwprop                         |      |      |      |      |     -0.5%|          |
ethread                          |      |      |      |      |     -0.5%|          |
esra                 ------------|      |      |      |      |          |          |
ealias               ------------|      |      |      |      |          |          |
mergephi             ------------|      |      |      |      |          |          |
cddce                ------------|      |      |      |      |          |          |
phiopt               ------------|      |      |      |      |          |          |
modref               ------------|      |      |      |      |          |          |
iftoswitch           ------------|      |      |      |      |          |          |
profile_estimate     ------------|      |      |      |      |          |          |
local-pure-const                 |      |      |      |      |          |   +100.0%|
release_ssa          ------------|      |      |      |      |          |          |
local-fnsummary      ------------|      |      |      |      |          |          |
=======ipa_pta=========
===============The first stage : Point of interest stmt collect=================
=======node_fun:main=========
=======node_fun:match_filter_list=========
during IPA pass: static_analyzer
In function ‘match_filter_list’:
lto1: internal compiler error: Segmentation fault
0x7ff6a807abce bb_in_branch_p(gimple*)
	/root/x21321219/new_gccplugin/Compiler/unit.h:16
0x7ff6a807be19 set_ptb(basic_block_def*, ptb*, tree_node*, unsigned int, int, gimple*, cgraph_node*)
	/root/x21321219/new_gccplugin/Compiler/gimplearray.h:15
0x7ff6a80806dc collect_function_call(gimple*, cgraph_node*, basic_block_def*)
	/root/x21321219/new_gccplugin/Compiler/collect.h:80
0x7ff6a8091985 detect()
	/root/x21321219/new_gccplugin/Compiler/Algorithm.h:760
0x7ff6a80921ba execute_detect
	/root/x21321219/new_gccplugin/Compiler/gcc_plugin.c:107
0x7ff6a8092230 execute
	/root/x21321219/new_gccplugin/Compiler/gcc_plugin.c:130
Please submit a full bug report,
with preprocessed source if appropriate.
Please include the complete backtrace with any bug report.
See <https://gcc.gnu.org/bugs/> for instructions.
lto-wrapper: fatal error: gcc-11.1 returned 1 exit status
compilation terminated.
/usr/bin/ld: error: lto-wrapper failed
collect2: error: ld returned 1 exit status
