In file included from ./benchmarks/binutils/use_after_free_1/binutils_uaf_1.c:6:
./benchmarks/binutils/use_after_free_1/binutils_uaf_1.c: In function ‘riscv_add_subset’:
./benchmarks/binutils/use_after_free_1/../include/common.h:22:20: warning: implicit declaration of function ‘strdup’ [-Wimplicit-function-declaration]
   22 | #define xstrdup(a) strdup(a)
      |                    ^~~~~~
./benchmarks/binutils/use_after_free_1/binutils_uaf_1.c:48:15: note: in expansion of macro ‘xstrdup’
   48 |     s->name = xstrdup (subset);
      |               ^~~~~~~
./benchmarks/binutils/use_after_free_1/../include/common.h:22:20: warning: incompatible implicit declaration of built-in function ‘strdup’ [-Wbuiltin-declaration-mismatch]
   22 | #define xstrdup(a) strdup(a)
      |                    ^~~~~~
./benchmarks/binutils/use_after_free_1/binutils_uaf_1.c:48:15: note: in expansion of macro ‘xstrdup’
   48 |     s->name = xstrdup (subset);
      |               ^~~~~~~
./benchmarks/binutils/use_after_free_1/binutils_uaf_1.c: In function ‘riscv_set_arch’:
./benchmarks/binutils/use_after_free_1/binutils_uaf_1.c:60:7: warning: implicit declaration of function ‘strncmp’ [-Wimplicit-function-declaration]
   60 |   if (strncmp (p, "rv32", 4) == 0)
      |       ^~~~~~~
./benchmarks/binutils/use_after_free_1/binutils_uaf_1.c:8:1: note: include ‘<string.h>’ or provide a declaration of ‘strncmp’
    7 | #include "../include/binutils.h"
  +++ |+#include <string.h>
    8 | 
./benchmarks/binutils/use_after_free_1/binutils_uaf_1.c:60:27: warning: ‘strncmp’ argument 3 type is ‘int’ where ‘long unsigned int’ is expected in a call to built-in function declared without prototype [-Wbuiltin-declaration-mismatch]
   60 |   if (strncmp (p, "rv32", 4) == 0)
      |                           ^
<built-in>: note: built-in ‘strncmp’ declared here
./benchmarks/binutils/use_after_free_1/binutils_uaf_1.c:65:32: warning: ‘strncmp’ argument 3 type is ‘int’ where ‘long unsigned int’ is expected in a call to built-in function declared without prototype [-Wbuiltin-declaration-mismatch]
   65 |   else if (strncmp (p, "rv64", 4) == 0)
      |                                ^
<built-in>: note: built-in ‘strncmp’ declared here
In file included from ./benchmarks/binutils/use_after_free_1/binutils_uaf_1.c:6:
./benchmarks/binutils/use_after_free_1/../include/common.h:22:20: warning: incompatible implicit declaration of built-in function ‘strdup’ [-Wbuiltin-declaration-mismatch]
   22 | #define xstrdup(a) strdup(a)
      |                    ^~~~~~
./benchmarks/binutils/use_after_free_1/binutils_uaf_1.c:95:26: note: in expansion of macro ‘xstrdup’
   95 |           char *subset = xstrdup (p), *q = subset;  /* allocation site */
      |                          ^~~~~~~
./benchmarks/binutils/use_after_free_1/binutils_uaf_1.c:107:16: warning: implicit declaration of function ‘strlen’ [-Wimplicit-function-declaration]
  107 |           p += strlen (subset);
      |                ^~~~~~
./benchmarks/binutils/use_after_free_1/binutils_uaf_1.c:107:16: note: include ‘<string.h>’ or provide a declaration of ‘strlen’
./benchmarks/binutils/use_after_free_1/binutils_uaf_1.c:107:16: warning: incompatible implicit declaration of built-in function ‘strlen’ [-Wbuiltin-declaration-mismatch]
./benchmarks/binutils/use_after_free_1/binutils_uaf_1.c:107:16: note: include ‘<string.h>’ or provide a declaration of ‘strlen’
./benchmarks/binutils/use_after_free_1/binutils_uaf_1.c:112:31: warning: implicit declaration of function ‘strchr’ [-Wimplicit-function-declaration]
  112 |       else if ((all_subsets = strchr (all_subsets, *p)) != NULL)
      |                               ^~~~~~
./benchmarks/binutils/use_after_free_1/binutils_uaf_1.c:112:31: note: include ‘<string.h>’ or provide a declaration of ‘strchr’
./benchmarks/binutils/use_after_free_1/binutils_uaf_1.c:112:31: warning: incompatible implicit declaration of built-in function ‘strchr’ [-Wbuiltin-declaration-mismatch]
./benchmarks/binutils/use_after_free_1/binutils_uaf_1.c:112:31: note: include ‘<string.h>’ or provide a declaration of ‘strchr’
./benchmarks/binutils/use_after_free_1/binutils_uaf_1.c: In function ‘main’:
./benchmarks/binutils/use_after_free_1/binutils_uaf_1.c:139:15: warning: implicit declaration of function ‘time’ [-Wimplicit-function-declaration]
  139 |         srand(time(NULL));
      |               ^~~~
Profile consistency report:

                                 |mismatch     |mismatch     |                     |
Pass name                        |IN    |IN    |OUT   |OUT   |overall              |
                                 |freq  |count |freq  |count |size      |time      |
cfg                  ------------|      |      |      |      |          |          |
ompexp                           |      |      |      |      |   +100.0%|          |
fixup_cfg            ------------|      |      |      |      |          |          |
ssa                              |      |      |      |      |     -1.9%|          |
nothrow                          |      |      |      |      |     -1.9%|          |
fixup_cfg            ------------|      |      |      |      |          |          |
local-fnsummary      ------------|      |      |      |      |          |          |
einline              ------------|      |      |      |      |          |          |
early_optimizations  ------------|      |      |      |      |          |          |
objsz                ------------|      |      |      |      |          |          |
ccp                  ------------|      |      |      |      |          |          |
forwprop             ------------|      |      |      |      |          |          |
ethread              ------------|      |      |      |      |          |          |
esra                 ------------|      |      |      |      |          |          |
ealias               ------------|      |      |      |      |          |          |
mergephi             ------------|      |      |      |      |          |          |
cddce                            |      |      |      |      |     -0.2%|          |
phiopt                           |      |      |      |      |     -0.2%|          |
modref               ------------|      |      |      |      |          |          |
iftoswitch           ------------|      |      |      |      |          |          |
profile_estimate     ------------|      |      |      |      |          |          |
local-pure-const                 |      |      |      |      |          |   +100.0%|
release_ssa          ------------|      |      |      |      |          |          |
local-fnsummary      ------------|      |      |      |      |          |          |
=======ipa_pta=========
===============The first stage : Point of interest stmt collect=================
=======node_fun:main=========
=======node_fun:getopt=========
=======node_fun:riscv_set_arch=========
--------GIMPLE_SWITCH -------
during IPA pass: static_analyzer
In function ‘riscv_set_arch’:
lto1: internal compiler error: Segmentation fault
0x7f3e2c15fbce bb_in_branch_p(gimple*)
	/root/x21321219/new_gccplugin/Compiler/unit.h:16
0x7f3e2c160e19 set_ptb(basic_block_def*, ptb*, tree_node*, unsigned int, int, gimple*, cgraph_node*)
	/root/x21321219/new_gccplugin/Compiler/gimplearray.h:15
0x7f3e2c1656dc collect_function_call(gimple*, cgraph_node*, basic_block_def*)
	/root/x21321219/new_gccplugin/Compiler/collect.h:80
0x7f3e2c176985 detect()
	/root/x21321219/new_gccplugin/Compiler/Algorithm.h:760
0x7f3e2c1771ba execute_detect
	/root/x21321219/new_gccplugin/Compiler/gcc_plugin.c:107
0x7f3e2c177230 execute
	/root/x21321219/new_gccplugin/Compiler/gcc_plugin.c:130
Please submit a full bug report,
with preprocessed source if appropriate.
Please include the complete backtrace with any bug report.
See <https://gcc.gnu.org/bugs/> for instructions.
lto-wrapper: fatal error: gcc-11.1 returned 1 exit status
compilation terminated.
/usr/bin/ld: error: lto-wrapper failed
collect2: error: ld returned 1 exit status
