./benchmarks/openssl/double_free_3/openssl_df_3.c: In function ‘PACKET_memdup’:
./benchmarks/openssl/double_free_3/openssl_df_3.c:53:14: warning: implicit declaration of function ‘PACKET_remaining’ [-Wimplicit-function-declaration]
   53 |     length = PACKET_remaining(pkt);
      |              ^~~~~~~~~~~~~~~~
In file included from ./benchmarks/openssl/double_free_3/openssl_df_3.c:9:
./benchmarks/openssl/double_free_3/../openssl.h:9:33: warning: implicit declaration of function ‘strdup’ [-Wimplicit-function-declaration]
    9 | #define OPENSSL_memdup(p, size) strdup(p)
      |                                 ^~~~~~
./benchmarks/openssl/double_free_3/openssl_df_3.c:58:13: note: in expansion of macro ‘OPENSSL_memdup’
   58 |     *data = OPENSSL_memdup(pkt->curr, length);  /* allocation site */
      |             ^~~~~~~~~~~~~~
./benchmarks/openssl/double_free_3/../openssl.h:9:33: warning: incompatible implicit declaration of built-in function ‘strdup’ [-Wbuiltin-declaration-mismatch]
    9 | #define OPENSSL_memdup(p, size) strdup(p)
      |                                 ^~~~~~
./benchmarks/openssl/double_free_3/openssl_df_3.c:58:13: note: in expansion of macro ‘OPENSSL_memdup’
   58 |     *data = OPENSSL_memdup(pkt->curr, length);  /* allocation site */
      |             ^~~~~~~~~~~~~~
./benchmarks/openssl/double_free_3/openssl_df_3.c: In function ‘tls_parse_stoc_cookie’:
./benchmarks/openssl/double_free_3/openssl_df_3.c:71:10: warning: implicit declaration of function ‘PACKET_as_length_prefixed_2’ [-Wimplicit-function-declaration]
   71 |     if (!PACKET_as_length_prefixed_2(pkt, &cookie)
      |          ^~~~~~~~~~~~~~~~~~~~~~~~~~~
./benchmarks/openssl/double_free_3/openssl_df_3.c: In function ‘tls_construct_ctos_cookie’:
./benchmarks/openssl/double_free_3/openssl_df_3.c:89:10: warning: implicit declaration of function ‘WPACKET_put_bytes_u16’ [-Wimplicit-function-declaration]
   89 |     if (!WPACKET_put_bytes_u16(pkt, 0)
      |          ^~~~~~~~~~~~~~~~~~~~~
./benchmarks/openssl/double_free_3/openssl_df_3.c:91:17: warning: implicit declaration of function ‘WPACKET_start_sub_packet_u16’ [-Wimplicit-function-declaration]
   91 |             || !WPACKET_start_sub_packet_u16(pkt)
      |                 ^~~~~~~~~~~~~~~~~~~~~~~~~~~~
./benchmarks/openssl/double_free_3/openssl_df_3.c:92:17: warning: implicit declaration of function ‘WPACKET_sub_memcpy_u16’ [-Wimplicit-function-declaration]
   92 |             || !WPACKET_sub_memcpy_u16(pkt, s->ext.tls13_cookie,
      |                 ^~~~~~~~~~~~~~~~~~~~~~
./benchmarks/openssl/double_free_3/openssl_df_3.c:94:17: warning: implicit declaration of function ‘WPACKET_close’ [-Wimplicit-function-declaration]
   94 |             || !WPACKET_close(pkt)) {
      |                 ^~~~~~~~~~~~~
Profile consistency report:

                                 |mismatch     |mismatch     |                     |
Pass name                        |IN    |IN    |OUT   |OUT   |overall              |
                                 |freq  |count |freq  |count |size      |time      |
cfg                  ------------|      |      |      |      |          |          |
ompexp                           |      |      |      |      |   +100.0%|          |
fixup_cfg            ------------|      |      |      |      |          |          |
ssa                              |      |      |      |      |     -1.0%|          |
nothrow                          |      |      |      |      |     -1.0%|          |
fixup_cfg            ------------|      |      |      |      |          |          |
local-fnsummary      ------------|      |      |      |      |          |          |
einline              ------------|      |      |      |      |          |          |
early_optimizations  ------------|      |      |      |      |          |          |
objsz                ------------|      |      |      |      |          |          |
ccp                  ------------|      |      |      |      |          |          |
forwprop             ------------|      |      |      |      |          |          |
ethread              ------------|      |      |      |      |          |          |
esra                 ------------|      |      |      |      |          |          |
ealias               ------------|      |      |      |      |          |          |
mergephi             ------------|      |      |      |      |          |          |
cddce                ------------|      |      |      |      |          |          |
phiopt               ------------|      |      |      |      |          |          |
modref               ------------|      |      |      |      |          |          |
iftoswitch           ------------|      |      |      |      |          |          |
profile_estimate     ------------|      |      |      |      |          |          |
local-pure-const                 |      |      |      |      |          |   +100.0%|
release_ssa          ------------|      |      |      |      |          |          |
local-fnsummary      ------------|      |      |      |      |          |          |
=======ipa_pta=========
===============The first stage : Point of interest stmt collect=================
=======node_fun:main=========
during IPA pass: static_analyzer
In function ‘main’:
lto1: internal compiler error: Segmentation fault
0x7fc006ab5bce bb_in_branch_p(gimple*)
	/root/x21321219/new_gccplugin/Compiler/unit.h:16
0x7fc006ab6e19 set_ptb(basic_block_def*, ptb*, tree_node*, unsigned int, int, gimple*, cgraph_node*)
	/root/x21321219/new_gccplugin/Compiler/gimplearray.h:15
0x7fc006abb6dc collect_function_call(gimple*, cgraph_node*, basic_block_def*)
	/root/x21321219/new_gccplugin/Compiler/collect.h:80
0x7fc006acc985 detect()
	/root/x21321219/new_gccplugin/Compiler/Algorithm.h:760
0x7fc006acd1ba execute_detect
	/root/x21321219/new_gccplugin/Compiler/gcc_plugin.c:107
0x7fc006acd230 execute
	/root/x21321219/new_gccplugin/Compiler/gcc_plugin.c:130
Please submit a full bug report,
with preprocessed source if appropriate.
Please include the complete backtrace with any bug report.
See <https://gcc.gnu.org/bugs/> for instructions.
lto-wrapper: fatal error: gcc-11.1 returned 1 exit status
compilation terminated.
/usr/bin/ld: error: lto-wrapper failed
collect2: error: ld returned 1 exit status
