In file included from ./benchmarks/openssh-portable/leak_7/openssh_leak_7.c:9:
./benchmarks/openssh-portable/leak_7/../openssh.h:675:60: warning: ‘struct ssh’ declared inside parameter list will not be visible outside of this definition or declaration
  675 |         int     (*verify_host_key)(struct sshkey *, struct ssh *);
      |                                                            ^~~
./benchmarks/openssh-portable/leak_7/../openssh.h:676:65: warning: ‘struct ssh’ declared inside parameter list will not be visible outside of this definition or declaration
  676 |         struct sshkey *(*load_host_public_key)(int, int, struct ssh *);
      |                                                                 ^~~
./benchmarks/openssh-portable/leak_7/../openssh.h:677:66: warning: ‘struct ssh’ declared inside parameter list will not be visible outside of this definition or declaration
  677 |         struct sshkey *(*load_host_private_key)(int, int, struct ssh *);
      |                                                                  ^~~
./benchmarks/openssh-portable/leak_7/../openssh.h:678:64: warning: ‘struct ssh’ declared inside parameter list will not be visible outside of this definition or declaration
  678 |         int     (*host_key_index)(struct sshkey *, int, struct ssh *);
      |                                                                ^~~
./benchmarks/openssh-portable/leak_7/../openssh.h:681:40: warning: ‘struct ssh’ declared inside parameter list will not be visible outside of this definition or declaration
  681 |         int     (*kex[KEX_MAX])(struct ssh *);
      |                                        ^~~
./benchmarks/openssh-portable/leak_7/openssh_leak_7.c:23:13: warning: initialization discards ‘const’ qualifier from pointer target type [-Wdiscarded-qualifiers]
   23 |     #field, (&(type##_it)) }
      |             ^
./benchmarks/openssh-portable/leak_7/openssh_leak_7.c:32:42: note: in expansion of macro ‘ASN1_EX_TYPE’
   32 | #define ASN1_SIMPLE(stname, field, type) ASN1_EX_TYPE(0,0, stname, field, type)
      |                                          ^~~~~~~~~~~~
./benchmarks/openssh-portable/leak_7/openssh_leak_7.c:75:9: note: in expansion of macro ‘ASN1_SIMPLE’
   75 |         ASN1_SIMPLE(ECDSA_SIG, r, BIGNUM),
      |         ^~~~~~~~~~~
./benchmarks/openssh-portable/leak_7/openssh_leak_7.c:23:13: warning: initialization discards ‘const’ qualifier from pointer target type [-Wdiscarded-qualifiers]
   23 |     #field, (&(type##_it)) }
      |             ^
./benchmarks/openssh-portable/leak_7/openssh_leak_7.c:32:42: note: in expansion of macro ‘ASN1_EX_TYPE’
   32 | #define ASN1_SIMPLE(stname, field, type) ASN1_EX_TYPE(0,0, stname, field, type)
      |                                          ^~~~~~~~~~~~
./benchmarks/openssh-portable/leak_7/openssh_leak_7.c:76:9: note: in expansion of macro ‘ASN1_SIMPLE’
   76 |         ASN1_SIMPLE(ECDSA_SIG, s, BIGNUM)
      |         ^~~~~~~~~~~
./benchmarks/openssh-portable/leak_7/openssh_leak_7.c: In function ‘ASN1_item_new’:
./benchmarks/openssh-portable/leak_7/openssh_leak_7.c:83:29: warning: initialization discards ‘const’ qualifier from pointer target type [-Wdiscarded-qualifiers]
   83 |         ASN1_TEMPLATE *tt = it->templates;
      |                             ^~
./benchmarks/openssh-portable/leak_7/openssh_leak_7.c:90:17: warning: implicit declaration of function ‘memset’ [-Wimplicit-function-declaration]
   90 |                 memset(*pval, 0, it->size);
      |                 ^~~~~~
./benchmarks/openssh-portable/leak_7/openssh_leak_7.c:10:1: note: include ‘<string.h>’ or provide a declaration of ‘memset’
    9 | #include "../openssh.h"
  +++ |+#include <string.h>
   10 | 
./benchmarks/openssh-portable/leak_7/openssh_leak_7.c:90:17: warning: incompatible implicit declaration of built-in function ‘memset’ [-Wbuiltin-declaration-mismatch]
   90 |                 memset(*pval, 0, it->size);
      |                 ^~~~~~
./benchmarks/openssh-portable/leak_7/openssh_leak_7.c:90:17: note: include ‘<string.h>’ or provide a declaration of ‘memset’
./benchmarks/openssh-portable/leak_7/openssh_leak_7.c:97:24: warning: assignment discards ‘const’ qualifier from pointer target type [-Wdiscarded-qualifiers]
   97 |         for (i = 0, tt = it->templates; i < it->tcount; tt++, i++)
      |                        ^
./benchmarks/openssh-portable/leak_7/openssh_leak_7.c: In function ‘ECDSA_SIG_new’:
./benchmarks/openssh-portable/leak_7/openssh_leak_7.c:115:23: warning: passing argument 1 of ‘ASN1_item_new’ from incompatible pointer type [-Wincompatible-pointer-types]
  115 |         ASN1_item_new(&ret, &ECDSA_SIG_it);
      |                       ^~~~
      |                       |
      |                       ECDSA_SIG **
./benchmarks/openssh-portable/leak_7/openssh_leak_7.c:79:32: note: expected ‘ASN1_VALUE **’ {aka ‘void **’} but argument is of type ‘ECDSA_SIG **’
   79 | int ASN1_item_new(ASN1_VALUE **pval, ASN1_ITEM *it)
      |                   ~~~~~~~~~~~~~^~~~
./benchmarks/openssh-portable/leak_7/openssh_leak_7.c:115:29: warning: passing argument 2 of ‘ASN1_item_new’ discards ‘const’ qualifier from pointer target type [-Wdiscarded-qualifiers]
  115 |         ASN1_item_new(&ret, &ECDSA_SIG_it);
      |                             ^~~~~~~~~~~~~
./benchmarks/openssh-portable/leak_7/openssh_leak_7.c:79:49: note: expected ‘ASN1_ITEM *’ {aka ‘struct ASN1_ITEM_st *’} but argument is of type ‘const ASN1_ITEM *’ {aka ‘const struct ASN1_ITEM_st *’}
   79 | int ASN1_item_new(ASN1_VALUE **pval, ASN1_ITEM *it)
      |                                      ~~~~~~~~~~~^~
Profile consistency report:

                                 |mismatch     |mismatch     |                     |
Pass name                        |IN    |IN    |OUT   |OUT   |overall              |
                                 |freq  |count |freq  |count |size      |time      |
cfg                  ------------|      |      |      |      |          |          |
ompexp                           |      |      |      |      |   +100.0%|          |
fixup_cfg            ------------|      |      |      |      |          |          |
ssa                  ------------|      |      |      |      |          |          |
nothrow              ------------|      |      |      |      |          |          |
fixup_cfg            ------------|      |      |      |      |          |          |
local-fnsummary      ------------|      |      |      |      |          |          |
einline              ------------|      |      |      |      |          |          |
early_optimizations  ------------|      |      |      |      |          |          |
objsz                ------------|      |      |      |      |          |          |
ccp                  ------------|      |      |      |      |          |          |
forwprop             ------------|      |      |      |      |          |          |
ethread              ------------|      |      |      |      |          |          |
esra                 ------------|      |      |      |      |          |          |
ealias               ------------|      |      |      |      |          |          |
mergephi             ------------|      |      |      |      |          |          |
cddce                            |      |      |      |      |     -0.5%|          |
phiopt                           |      |      |      |      |     -0.5%|          |
modref               ------------|      |      |      |      |          |          |
iftoswitch           ------------|      |      |      |      |          |          |
profile_estimate     ------------|      |      |      |      |          |          |
local-pure-const                 |      |      |      |      |          |   +100.0%|
release_ssa          ------------|      |      |      |      |          |          |
local-fnsummary      ------------|      |      |      |      |          |          |
=======ipa_pta=========
===============The first stage : Point of interest stmt collect=================
=======node_fun:main=========
=======node_fun:BN_new=========
during IPA pass: static_analyzer
In function ‘BN_new’:
lto1: internal compiler error: Segmentation fault
0x7f0d17355bce bb_in_branch_p(gimple*)
	/root/x21321219/new_gccplugin/Compiler/unit.h:16
0x7f0d17356e19 set_ptb(basic_block_def*, ptb*, tree_node*, unsigned int, int, gimple*, cgraph_node*)
	/root/x21321219/new_gccplugin/Compiler/gimplearray.h:15
0x7f0d1735b6dc collect_function_call(gimple*, cgraph_node*, basic_block_def*)
	/root/x21321219/new_gccplugin/Compiler/collect.h:80
0x7f0d1736c985 detect()
	/root/x21321219/new_gccplugin/Compiler/Algorithm.h:760
0x7f0d1736d1ba execute_detect
	/root/x21321219/new_gccplugin/Compiler/gcc_plugin.c:107
0x7f0d1736d230 execute
	/root/x21321219/new_gccplugin/Compiler/gcc_plugin.c:130
Please submit a full bug report,
with preprocessed source if appropriate.
Please include the complete backtrace with any bug report.
See <https://gcc.gnu.org/bugs/> for instructions.
lto-wrapper: fatal error: gcc-11.1 returned 1 exit status
compilation terminated.
/usr/bin/ld: error: lto-wrapper failed
collect2: error: ld returned 1 exit status
