./benchmarks/openssl/use_after_free_1/openssl_uaf_1.c: In function ‘getrn’:
./benchmarks/openssl/use_after_free_1/openssl_uaf_1.c:87:23: warning: passing argument 1 of ‘CRYPTO_atomic_add’ from incompatible pointer type [-Wincompatible-pointer-types]
   87 |     CRYPTO_atomic_add(&lh->num_hash_calls, 1, &scratch);
      |                       ^~~~~~~~~~~~~~~~~~~
      |                       |
      |                       long unsigned int *
./benchmarks/openssl/use_after_free_1/openssl_uaf_1.c:70:28: note: expected ‘int *’ but argument is of type ‘long unsigned int *’
   70 | int CRYPTO_atomic_add(int *val, int amount, int *ret)
      |                       ~~~~~^~~
./benchmarks/openssl/use_after_free_1/openssl_uaf_1.c:97:27: warning: passing argument 1 of ‘CRYPTO_atomic_add’ from incompatible pointer type [-Wincompatible-pointer-types]
   97 |         CRYPTO_atomic_add(&lh->num_hash_comps, 1, &scratch);
      |                           ^~~~~~~~~~~~~~~~~~~
      |                           |
      |                           long unsigned int *
./benchmarks/openssl/use_after_free_1/openssl_uaf_1.c:70:28: note: expected ‘int *’ but argument is of type ‘long unsigned int *’
   70 | int CRYPTO_atomic_add(int *val, int amount, int *ret)
      |                       ~~~~~^~~
./benchmarks/openssl/use_after_free_1/openssl_uaf_1.c:102:27: warning: passing argument 1 of ‘CRYPTO_atomic_add’ from incompatible pointer type [-Wincompatible-pointer-types]
  102 |         CRYPTO_atomic_add(&lh->num_comp_calls, 1, &scratch);
      |                           ^~~~~~~~~~~~~~~~~~~
      |                           |
      |                           long unsigned int *
./benchmarks/openssl/use_after_free_1/openssl_uaf_1.c:70:28: note: expected ‘int *’ but argument is of type ‘long unsigned int *’
   70 | int CRYPTO_atomic_add(int *val, int amount, int *ret)
      |                       ~~~~~^~~
./benchmarks/openssl/use_after_free_1/openssl_uaf_1.c: In function ‘lh_CONF_VALUE_new’:
./benchmarks/openssl/use_after_free_1/openssl_uaf_1.c:139:12: warning: returning ‘OPENSSL_LHASH *’ {aka ‘struct lhash_st *’} from a function with incompatible return type ‘CONF_VALUE *’ [-Wincompatible-pointer-types]
  139 |     return (ret);
      |            ^
./benchmarks/openssl/use_after_free_1/openssl_uaf_1.c: In function ‘lh_CONF_VALUE_retrieve’:
./benchmarks/openssl/use_after_free_1/openssl_uaf_1.c:158:27: warning: passing argument 1 of ‘CRYPTO_atomic_add’ from incompatible pointer type [-Wincompatible-pointer-types]
  158 |         CRYPTO_atomic_add(&lh->num_retrieve_miss, 1, &scratch);
      |                           ^~~~~~~~~~~~~~~~~~~~~~
      |                           |
      |                           long unsigned int *
./benchmarks/openssl/use_after_free_1/openssl_uaf_1.c:70:28: note: expected ‘int *’ but argument is of type ‘long unsigned int *’
   70 | int CRYPTO_atomic_add(int *val, int amount, int *ret)
      |                       ~~~~~^~~
./benchmarks/openssl/use_after_free_1/openssl_uaf_1.c:162:27: warning: passing argument 1 of ‘CRYPTO_atomic_add’ from incompatible pointer type [-Wincompatible-pointer-types]
  162 |         CRYPTO_atomic_add(&lh->num_retrieve, 1, &scratch);
      |                           ^~~~~~~~~~~~~~~~~
      |                           |
      |                           long unsigned int *
./benchmarks/openssl/use_after_free_1/openssl_uaf_1.c:70:28: note: expected ‘int *’ but argument is of type ‘long unsigned int *’
   70 | int CRYPTO_atomic_add(int *val, int amount, int *ret)
      |                       ~~~~~^~~
./benchmarks/openssl/use_after_free_1/openssl_uaf_1.c: In function ‘_CONF_get_string’:
./benchmarks/openssl/use_after_free_1/openssl_uaf_1.c:179:44: warning: passing argument 1 of ‘lh_CONF_VALUE_retrieve’ from incompatible pointer type [-Wincompatible-pointer-types]
  179 |             v = lh_CONF_VALUE_retrieve(conf->data, &vv);
      |                                        ~~~~^~~~~~
      |                                            |
      |                                            struct lhash_st_CONF_VALUE *
./benchmarks/openssl/use_after_free_1/openssl_uaf_1.c:147:45: note: expected ‘OPENSSL_LHASH *’ {aka ‘struct lhash_st *’} but argument is of type ‘struct lhash_st_CONF_VALUE *’
  147 | void *lh_CONF_VALUE_retrieve(OPENSSL_LHASH *lh, const void *data)
      |                              ~~~~~~~~~~~~~~~^~
./benchmarks/openssl/use_after_free_1/openssl_uaf_1.c:186:40: warning: passing argument 1 of ‘lh_CONF_VALUE_retrieve’ from incompatible pointer type [-Wincompatible-pointer-types]
  186 |         v = lh_CONF_VALUE_retrieve(conf->data, &vv);
      |                                    ~~~~^~~~~~
      |                                        |
      |                                        struct lhash_st_CONF_VALUE *
./benchmarks/openssl/use_after_free_1/openssl_uaf_1.c:147:45: note: expected ‘OPENSSL_LHASH *’ {aka ‘struct lhash_st *’} but argument is of type ‘struct lhash_st_CONF_VALUE *’
  147 | void *lh_CONF_VALUE_retrieve(OPENSSL_LHASH *lh, const void *data)
      |                              ~~~~~~~~~~~~~~~^~
./benchmarks/openssl/use_after_free_1/openssl_uaf_1.c: In function ‘app_RAND_write’:
./benchmarks/openssl/use_after_free_1/openssl_uaf_1.c:224:9: warning: implicit declaration of function ‘RAND_write_file’ [-Wimplicit-function-declaration]
  224 |     if (RAND_write_file(save_rand_file) == -1) {
      |         ^~~~~~~~~~~~~~~
./benchmarks/openssl/use_after_free_1/openssl_uaf_1.c: In function ‘_CONF_new_data’:
./benchmarks/openssl/use_after_free_1/openssl_uaf_1.c:235:20: warning: assignment to ‘struct lhash_st_CONF_VALUE *’ from incompatible pointer type ‘CONF_VALUE *’ [-Wincompatible-pointer-types]
  235 |         conf->data = lh_CONF_VALUE_new();
      |                    ^
./benchmarks/openssl/use_after_free_1/openssl_uaf_1.c: In function ‘CONF_free’:
./benchmarks/openssl/use_after_free_1/openssl_uaf_1.c:247:32: warning: passing argument 1 of ‘lh_CONF_VALUE_free’ from incompatible pointer type [-Wincompatible-pointer-types]
  247 |         lh_CONF_VALUE_free(conf->data);
      |                            ~~~~^~~~~~
      |                                |
      |                                struct lhash_st_CONF_VALUE *
./benchmarks/openssl/use_after_free_1/openssl_uaf_1.c:111:40: note: expected ‘OPENSSL_LHASH *’ {aka ‘struct lhash_st *’} but argument is of type ‘struct lhash_st_CONF_VALUE *’
  111 | void lh_CONF_VALUE_free(OPENSSL_LHASH *lh)
      |                         ~~~~~~~~~~~~~~~^~
Profile consistency report:

                                 |mismatch     |mismatch     |                     |
Pass name                        |IN    |IN    |OUT   |OUT   |overall              |
                                 |freq  |count |freq  |count |size      |time      |
cfg                  ------------|      |      |      |      |          |          |
ompexp                           |      |      |      |      |   +100.0%|          |
fixup_cfg            ------------|      |      |      |      |          |          |
ssa                              |      |      |      |      |     -2.4%|          |
nothrow                          |      |      |      |      |     -2.4%|          |
fixup_cfg            ------------|      |      |      |      |          |          |
local-fnsummary      ------------|      |      |      |      |          |          |
einline              ------------|      |      |      |      |          |          |
early_optimizations  ------------|      |      |      |      |          |          |
objsz                ------------|      |      |      |      |          |          |
ccp                  ------------|      |      |      |      |          |          |
forwprop             ------------|      |      |      |      |          |          |
ethread              ------------|      |      |      |      |          |          |
esra                 ------------|      |      |      |      |          |          |
ealias               ------------|      |      |      |      |          |          |
mergephi             ------------|      |      |      |      |          |          |
cddce                ------------|      |      |      |      |          |          |
phiopt               ------------|      |      |      |      |          |          |
modref               ------------|      |      |      |      |          |          |
iftoswitch           ------------|      |      |      |      |          |          |
profile_estimate     ------------|      |      |      |      |          |          |
local-pure-const                 |      |      |      |      |          |   +100.0%|
release_ssa                      |      |      |      |      |     -0.9%|     -0.3%|
local-fnsummary      ------------|      |      |      |      |          |          |
=======ipa_pta=========
===============The first stage : Point of interest stmt collect=================
=======node_fun:main=========
=======node_fun:foo=========
=======node_fun:CONF_new=========
during IPA pass: static_analyzer
In function ‘CONF_new’:
lto1: internal compiler error: Segmentation fault
0x7fe11dcb1bce bb_in_branch_p(gimple*)
	/root/x21321219/new_gccplugin/Compiler/unit.h:16
0x7fe11dcb2e19 set_ptb(basic_block_def*, ptb*, tree_node*, unsigned int, int, gimple*, cgraph_node*)
	/root/x21321219/new_gccplugin/Compiler/gimplearray.h:15
0x7fe11dcb76dc collect_function_call(gimple*, cgraph_node*, basic_block_def*)
	/root/x21321219/new_gccplugin/Compiler/collect.h:80
0x7fe11dcc8985 detect()
	/root/x21321219/new_gccplugin/Compiler/Algorithm.h:760
0x7fe11dcc91ba execute_detect
	/root/x21321219/new_gccplugin/Compiler/gcc_plugin.c:107
0x7fe11dcc9230 execute
	/root/x21321219/new_gccplugin/Compiler/gcc_plugin.c:130
Please submit a full bug report,
with preprocessed source if appropriate.
Please include the complete backtrace with any bug report.
See <https://gcc.gnu.org/bugs/> for instructions.
lto-wrapper: fatal error: gcc-11.1 returned 1 exit status
compilation terminated.
/usr/bin/ld: error: lto-wrapper failed
collect2: error: ld returned 1 exit status
