./benchmarks/binutils/use_after_free_2/binutils_uaf_2.c: In function ‘bfd_generic_archive_p’:
./benchmarks/binutils/use_after_free_2/binutils_uaf_2.c:53:7: warning: implicit declaration of function ‘bfd_bread’ [-Wimplicit-function-declaration]
   53 |   if (bfd_bread (armag, SARMAG, abfd) != SARMAG)
      |       ^~~~~~~~~
./benchmarks/binutils/use_after_free_2/binutils_uaf_2.c:55:11: warning: implicit declaration of function ‘bfd_get_error’ [-Wimplicit-function-declaration]
   55 |       if (bfd_get_error () != bfd_error_system_call)
      |           ^~~~~~~~~~~~~
./benchmarks/binutils/use_after_free_2/binutils_uaf_2.c:56:9: warning: implicit declaration of function ‘bfd_set_error’ [-Wimplicit-function-declaration]
   56 |         bfd_set_error (bfd_error_wrong_format);
      |         ^~~~~~~~~~~~~
./benchmarks/binutils/use_after_free_2/binutils_uaf_2.c:60:33: warning: implicit declaration of function ‘strncmp’ [-Wimplicit-function-declaration]
   60 |   bfd_is_thin_archive (abfd) = (strncmp (armag, ARMAGT, SARMAG) == 0);
      |                                 ^~~~~~~
./benchmarks/binutils/use_after_free_2/binutils_uaf_2.c:8:1: note: include ‘<string.h>’ or provide a declaration of ‘strncmp’
    7 | #include "../include/binutils.h"
  +++ |+#include <string.h>
    8 | 
./benchmarks/binutils/use_after_free_2/binutils_uaf_2.c:12:16: warning: ‘strncmp’ argument 3 type is ‘int’ where ‘long unsigned int’ is expected in a call to built-in function declared without prototype [-Wbuiltin-declaration-mismatch]
   12 | #define SARMAG 8
      |                ^
./benchmarks/binutils/use_after_free_2/binutils_uaf_2.c:60:57: note: in expansion of macro ‘SARMAG’
   60 |   bfd_is_thin_archive (abfd) = (strncmp (armag, ARMAGT, SARMAG) == 0);
      |                                                         ^~~~~~
<built-in>: note: built-in ‘strncmp’ declared here
./benchmarks/binutils/use_after_free_2/binutils_uaf_2.c:12:16: warning: ‘strncmp’ argument 3 type is ‘int’ where ‘long unsigned int’ is expected in a call to built-in function declared without prototype [-Wbuiltin-declaration-mismatch]
   12 | #define SARMAG 8
      |                ^
./benchmarks/binutils/use_after_free_2/binutils_uaf_2.c:62:30: note: in expansion of macro ‘SARMAG’
   62 |   if (strncmp (armag, ARMAG, SARMAG) != 0
      |                              ^~~~~~
<built-in>: note: built-in ‘strncmp’ declared here
./benchmarks/binutils/use_after_free_2/binutils_uaf_2.c:12:16: warning: ‘strncmp’ argument 3 type is ‘int’ where ‘long unsigned int’ is expected in a call to built-in function declared without prototype [-Wbuiltin-declaration-mismatch]
   12 | #define SARMAG 8
      |                ^
./benchmarks/binutils/use_after_free_2/binutils_uaf_2.c:63:34: note: in expansion of macro ‘SARMAG’
   63 |       && strncmp (armag, ARMAGB, SARMAG) != 0
      |                                  ^~~~~~
<built-in>: note: built-in ‘strncmp’ declared here
./benchmarks/binutils/use_after_free_2/binutils_uaf_2.c: In function ‘bfd_fopen’:
./benchmarks/binutils/use_after_free_2/binutils_uaf_2.c:76:10: warning: implicit declaration of function ‘_bfd_new_bfd’ [-Wimplicit-function-declaration]
   76 |   nbfd = _bfd_new_bfd ();       /* allocation site */
      |          ^~~~~~~~~~~~
./benchmarks/binutils/use_after_free_2/binutils_uaf_2.c:76:8: warning: assignment to ‘bfd *’ from ‘int’ makes pointer from integer without a cast [-Wint-conversion]
   76 |   nbfd = _bfd_new_bfd ();       /* allocation site */
      |        ^
./benchmarks/binutils/use_after_free_2/binutils_uaf_2.c:82:16: warning: implicit declaration of function ‘bfd_find_target’ [-Wimplicit-function-declaration]
   82 |   target_vec = bfd_find_target (target, nbfd);
      |                ^~~~~~~~~~~~~~~
./benchmarks/binutils/use_after_free_2/binutils_uaf_2.c:82:14: warning: assignment to ‘const bfd_target *’ from ‘int’ makes pointer from integer without a cast [-Wint-conversion]
   82 |   target_vec = bfd_find_target (target, nbfd);
      |              ^
./benchmarks/binutils/use_after_free_2/binutils_uaf_2.c:86:9: warning: implicit declaration of function ‘close’; did you mean ‘pclose’? [-Wimplicit-function-declaration]
   86 |         close (fd);
      |         ^~~~~
      |         pclose
./benchmarks/binutils/use_after_free_2/binutils_uaf_2.c:87:7: warning: implicit declaration of function ‘_bfd_delete_bfd’ [-Wimplicit-function-declaration]
   87 |       _bfd_delete_bfd (nbfd);
      |       ^~~~~~~~~~~~~~~
In file included from ./benchmarks/binutils/use_after_free_2/binutils_uaf_2.c:6:
./benchmarks/binutils/use_after_free_2/../include/common.h:22:20: warning: implicit declaration of function ‘strdup’ [-Wimplicit-function-declaration]
   22 | #define xstrdup(a) strdup(a)
      |                    ^~~~~~
./benchmarks/binutils/use_after_free_2/binutils_uaf_2.c:93:20: note: in expansion of macro ‘xstrdup’
   93 |   nbfd->filename = xstrdup (filename);
      |                    ^~~~~~~
./benchmarks/binutils/use_after_free_2/../include/common.h:22:20: warning: incompatible implicit declaration of built-in function ‘strdup’ [-Wbuiltin-declaration-mismatch]
   22 | #define xstrdup(a) strdup(a)
      |                    ^~~~~~
./benchmarks/binutils/use_after_free_2/binutils_uaf_2.c:93:20: note: in expansion of macro ‘xstrdup’
   93 |   nbfd->filename = xstrdup (filename);
      |                    ^~~~~~~
./benchmarks/binutils/use_after_free_2/binutils_uaf_2.c: In function ‘_bfd_archive_close_and_cleanup’:
./benchmarks/binutils/use_after_free_2/binutils_uaf_2.c:108:7: warning: implicit declaration of function ‘bfd_read_p’ [-Wimplicit-function-declaration]
  108 |   if (bfd_read_p (abfd) && abfd->format == bfd_archive)
      |       ^~~~~~~~~~
./benchmarks/binutils/use_after_free_2/binutils_uaf_2.c:117:11: warning: implicit declaration of function ‘bfd_close’; did you mean ‘fclose’? [-Wimplicit-function-declaration]
  117 |           bfd_close (nbfd);
      |           ^~~~~~~~~
      |           fclose
./benchmarks/binutils/use_after_free_2/binutils_uaf_2.c: In function ‘find_nested_archive’:
./benchmarks/binutils/use_after_free_2/binutils_uaf_2.c:146:7: warning: implicit declaration of function ‘filename_cmp’ [-Wimplicit-function-declaration]
  146 |   if (filename_cmp (filename, arch_bfd->filename) == 0)
      |       ^~~~~~~~~~~~
./benchmarks/binutils/use_after_free_2/binutils_uaf_2.c: In function ‘main’:
./benchmarks/binutils/use_after_free_2/binutils_uaf_2.c:186:8: warning: implicit declaration of function ‘bfd_check_format’ [-Wimplicit-function-declaration]
  186 |   if (!bfd_check_format (archive, bfd_archive))
      |        ^~~~~~~~~~~~~~~~
Profile consistency report:

                                 |mismatch     |mismatch     |                     |
Pass name                        |IN    |IN    |OUT   |OUT   |overall              |
                                 |freq  |count |freq  |count |size      |time      |
cfg                  ------------|      |      |      |      |          |          |
ompexp                           |      |      |      |      |   +100.0%|          |
fixup_cfg            ------------|      |      |      |      |          |          |
ssa                              |      |      |      |      |     -2.0%|          |
nothrow                          |      |      |      |      |     -2.0%|          |
fixup_cfg            ------------|      |      |      |      |          |          |
local-fnsummary      ------------|      |      |      |      |          |          |
einline              ------------|      |      |      |      |          |          |
early_optimizations  ------------|      |      |      |      |          |          |
objsz                ------------|      |      |      |      |          |          |
ccp                  ------------|      |      |      |      |          |          |
forwprop             ------------|      |      |      |      |          |          |
ethread              ------------|      |      |      |      |          |          |
esra                 ------------|      |      |      |      |          |          |
ealias               ------------|      |      |      |      |          |          |
mergephi             ------------|      |      |      |      |          |          |
cddce                ------------|      |      |      |      |          |          |
phiopt               ------------|      |      |      |      |          |          |
modref               ------------|      |      |      |      |          |          |
iftoswitch           ------------|      |      |      |      |          |          |
profile_estimate     ------------|      |      |      |      |          |          |
local-pure-const                 |      |      |      |      |          |   +100.0%|
release_ssa          ------------|      |      |      |      |          |          |
local-fnsummary      ------------|      |      |      |      |          |          |
=======ipa_pta=========
===============The first stage : Point of interest stmt collect=================
=======node_fun:main=========
=======node_fun:find_nested_archive=========
=======node_fun:open_nested_file=========
=======node_fun:_bfd_archive_close_and_cleanup=========
=======node_fun:bfd_openr=========
=======node_fun:bfd_fopen=========
during IPA pass: static_analyzer
In function ‘bfd_fopen’:
lto1: internal compiler error: Segmentation fault
0x7fd78d785bce bb_in_branch_p(gimple*)
	/root/x21321219/new_gccplugin/Compiler/unit.h:16
0x7fd78d786e19 set_ptb(basic_block_def*, ptb*, tree_node*, unsigned int, int, gimple*, cgraph_node*)
	/root/x21321219/new_gccplugin/Compiler/gimplearray.h:15
0x7fd78d78b6dc collect_function_call(gimple*, cgraph_node*, basic_block_def*)
	/root/x21321219/new_gccplugin/Compiler/collect.h:80
0x7fd78d79c985 detect()
	/root/x21321219/new_gccplugin/Compiler/Algorithm.h:760
0x7fd78d79d1ba execute_detect
	/root/x21321219/new_gccplugin/Compiler/gcc_plugin.c:107
0x7fd78d79d230 execute
	/root/x21321219/new_gccplugin/Compiler/gcc_plugin.c:130
Please submit a full bug report,
with preprocessed source if appropriate.
Please include the complete backtrace with any bug report.
See <https://gcc.gnu.org/bugs/> for instructions.
lto-wrapper: fatal error: gcc-11.1 returned 1 exit status
compilation terminated.
/usr/bin/ld: error: lto-wrapper failed
collect2: error: ld returned 1 exit status
